0 verbose cli C:\Program Files\nodejs\node.exe C:\Program Files\nodejs\node_modules\npm\bin\npm-cli.js
1 info using npm@11.6.2
2 info using node@v24.13.0
3 silly config load:file:C:\Program Files\nodejs\node_modules\npm\npmrc
4 silly config load:file:C:\Users\razimert.yigit\Desktop\sadece_is\react\GorevTakip\.npmrc
5 silly config load:file:C:\Users\razimert.yigit\.npmrc
6 silly config load:file:C:\Users\razimert.yigit\AppData\Roaming\npm\etc\npmrc
7 verbose title npm install
8 verbose argv "install" "--cache" ".npm-cache"
9 verbose logfile logs-max:10 dir:C:\Users\razimert.yigit\Desktop\sadece_is\react\GorevTakip\.npm-cache\_logs\2026-06-16T12_18_17_956Z-
10 verbose logfile C:\Users\razimert.yigit\Desktop\sadece_is\react\GorevTakip\.npm-cache\_logs\2026-06-16T12_18_17_956Z-debug-0.log
11 silly logfile done cleaning log files
12 silly packumentCache heap:4496293888 maxSize:1124073472 maxEntrySize:562036736
13 silly idealTree buildDeps
14 silly fetch manifest react@^18.3.1
15 silly packumentCache full:https://registry.npmjs.org/react cache-miss
16 http fetch GET 200 https://registry.npmjs.org/npm 5511ms
17 http fetch GET 200 https://registry.npmjs.org/react 7094ms (cache miss)
18 silly packumentCache full:https://registry.npmjs.org/react set size:undefined disposed:false
19 silly fetch manifest react-dom@^18.3.1
20 silly packumentCache full:https://registry.npmjs.org/react-dom cache-miss
21 http fetch GET 200 https://registry.npmjs.org/react-dom 17706ms (cache miss)
22 silly packumentCache full:https://registry.npmjs.org/react-dom set size:undefined disposed:false
23 silly fetch manifest react-router-dom@^6.30.1
24 silly packumentCache full:https://registry.npmjs.org/react-router-dom cache-miss
25 http fetch GET 200 https://registry.npmjs.org/react-router-dom 2263ms (cache miss)
26 silly packumentCache full:https://registry.npmjs.org/react-router-dom set size:undefined disposed:false
27 silly fetch manifest @vitejs/plugin-react@^4.7.0
28 silly packumentCache full:https://registry.npmjs.org/@vitejs%2fplugin-react cache-miss
29 http fetch GET 200 https://registry.npmjs.org/@vitejs%2fplugin-react 196ms (cache miss)
30 silly packumentCache full:https://registry.npmjs.org/@vitejs%2fplugin-react set size:undefined disposed:false
31 silly fetch manifest vite@^5.4.19
32 silly packumentCache full:https://registry.npmjs.org/vite cache-miss
33 http fetch GET 200 https://registry.npmjs.org/vite 36954ms (cache miss)
34 silly packumentCache full:https://registry.npmjs.org/vite set size:undefined disposed:false
35 silly fetch manifest @types/node@^18.0.0 || >=20.0.0
36 silly packumentCache full:https://registry.npmjs.org/@types%2fnode cache-miss
37 http fetch GET 200 https://registry.npmjs.org/@types%2fnode 10142ms (cache miss)
38 silly packumentCache full:https://registry.npmjs.org/@types%2fnode set size:undefined disposed:false
39 silly fetch manifest less@*
40 silly packumentCache full:https://registry.npmjs.org/less cache-miss
41 http fetch GET 200 https://registry.npmjs.org/less 1642ms (cache miss)
42 silly packumentCache full:https://registry.npmjs.org/less set size:undefined disposed:false
43 silly fetch manifest lightningcss@^1.21.0
44 silly packumentCache full:https://registry.npmjs.org/lightningcss cache-miss
45 http fetch GET 200 https://registry.npmjs.org/lightningcss 273ms (cache miss)
46 silly packumentCache full:https://registry.npmjs.org/lightningcss set size:undefined disposed:false
47 silly fetch manifest sass@*
48 silly packumentCache full:https://registry.npmjs.org/sass cache-miss
49 http fetch GET 200 https://registry.npmjs.org/sass 20230ms (cache miss)
50 silly packumentCache full:https://registry.npmjs.org/sass set size:undefined disposed:false
51 silly fetch manifest sass-embedded@*
52 silly packumentCache full:https://registry.npmjs.org/sass-embedded cache-miss
53 http fetch GET 200 https://registry.npmjs.org/sass-embedded 908ms (cache miss)
54 silly packumentCache full:https://registry.npmjs.org/sass-embedded set size:undefined disposed:false
55 silly fetch manifest stylus@*
56 silly packumentCache full:https://registry.npmjs.org/stylus cache-miss
57 http fetch GET 200 https://registry.npmjs.org/stylus 570ms (cache miss)
58 silly packumentCache full:https://registry.npmjs.org/stylus set size:undefined disposed:false
59 silly fetch manifest sugarss@*
60 silly packumentCache full:https://registry.npmjs.org/sugarss cache-miss
61 http fetch GET 200 https://registry.npmjs.org/sugarss 124ms (cache miss)
62 silly packumentCache full:https://registry.npmjs.org/sugarss set size:undefined disposed:false
63 silly fetch manifest postcss@^8.3.3
64 silly packumentCache full:https://registry.npmjs.org/postcss cache-miss
65 http fetch GET 200 https://registry.npmjs.org/postcss 1542ms (cache miss)
66 silly packumentCache full:https://registry.npmjs.org/postcss set size:undefined disposed:false
67 silly fetch manifest terser@^5.4.0
68 silly packumentCache full:https://registry.npmjs.org/terser cache-miss
69 http fetch GET 200 https://registry.npmjs.org/terser 1448ms (cache miss)
70 silly packumentCache full:https://registry.npmjs.org/terser set size:undefined disposed:false
71 silly placeDep ROOT @vitejs/plugin-react@4.7.0 OK for: gorev-takip-react@1.0.0 want: ^4.7.0
72 silly placeDep ROOT vite@5.4.21 OK for: @vitejs/plugin-react@4.7.0 want: ^4.2.0 || ^5.0.0 || ^6.0.0 || ^7.0.0
73 silly placeDep ROOT react@18.3.1 OK for: gorev-takip-react@1.0.0 want: ^18.3.1
74 silly placeDep ROOT react-dom@18.3.1 OK for: gorev-takip-react@1.0.0 want: ^18.3.1
75 silly placeDep ROOT react-router-dom@6.30.4 OK for: gorev-takip-react@1.0.0 want: ^6.30.1
76 silly fetch manifest @babel/core@^7.28.0
77 silly packumentCache full:https://registry.npmjs.org/@babel%2fcore cache-miss
78 silly fetch manifest react-refresh@^0.17.0
79 silly packumentCache full:https://registry.npmjs.org/react-refresh cache-miss
80 silly fetch manifest @types/babel__core@^7.20.5
81 silly packumentCache full:https://registry.npmjs.org/@types%2fbabel__core cache-miss
82 silly fetch manifest @rolldown/pluginutils@1.0.0-beta.27
83 silly packumentCache full:https://registry.npmjs.org/@rolldown%2fpluginutils cache-miss
84 silly fetch manifest @babel/plugin-transform-react-jsx-self@^7.27.1
85 silly packumentCache full:https://registry.npmjs.org/@babel%2fplugin-transform-react-jsx-self cache-miss
86 silly fetch manifest @babel/plugin-transform-react-jsx-source@^7.27.1
87 silly packumentCache full:https://registry.npmjs.org/@babel%2fplugin-transform-react-jsx-source cache-miss
88 silly fetch manifest rollup@^4.20.0
89 silly packumentCache full:https://registry.npmjs.org/rollup cache-miss
90 silly fetch manifest esbuild@^0.21.3
91 silly packumentCache full:https://registry.npmjs.org/esbuild cache-miss
92 silly fetch manifest postcss@^8.4.43
93 silly packumentCache full:https://registry.npmjs.org/postcss cache-miss
94 silly fetch manifest fsevents@~2.3.3
95 silly packumentCache full:https://registry.npmjs.org/fsevents cache-miss
96 silly fetch manifest loose-envify@^1.1.0
97 silly packumentCache full:https://registry.npmjs.org/loose-envify cache-miss
98 silly fetch manifest scheduler@^0.23.2
99 silly packumentCache full:https://registry.npmjs.org/scheduler cache-miss
100 silly fetch manifest loose-envify@^1.1.0
101 silly packumentCache full:https://registry.npmjs.org/loose-envify cache-miss
102 silly fetch manifest react-router@6.30.4
103 silly packumentCache full:https://registry.npmjs.org/react-router cache-miss
104 silly fetch manifest @remix-run/router@1.23.3
105 silly packumentCache full:https://registry.npmjs.org/@remix-run%2frouter cache-miss
106 http cache https://registry.npmjs.org/postcss 136ms (cache hit)
107 silly packumentCache full:https://registry.npmjs.org/postcss set size:723316 disposed:false
108 http fetch GET 200 https://registry.npmjs.org/loose-envify 828ms (cache miss)
109 silly packumentCache full:https://registry.npmjs.org/loose-envify set size:undefined disposed:false
110 http fetch GET 200 https://registry.npmjs.org/loose-envify 840ms (cache miss)
111 silly packumentCache full:https://registry.npmjs.org/loose-envify set size:undefined disposed:false
112 http fetch GET 200 https://registry.npmjs.org/@remix-run%2frouter 955ms (cache miss)
113 silly packumentCache full:https://registry.npmjs.org/@remix-run%2frouter set size:undefined disposed:false
114 http fetch GET 200 https://registry.npmjs.org/fsevents 5243ms (cache miss)
115 silly packumentCache full:https://registry.npmjs.org/fsevents set size:undefined disposed:false
116 http fetch GET 200 https://registry.npmjs.org/@babel%2fplugin-transform-react-jsx-source 5290ms (cache miss)
117 silly packumentCache full:https://registry.npmjs.org/@babel%2fplugin-transform-react-jsx-source set size:undefined disposed:false
118 http fetch GET 200 https://registry.npmjs.org/@babel%2fcore 10336ms (cache miss)
119 silly packumentCache full:https://registry.npmjs.org/@babel%2fcore set size:undefined disposed:false
120 http fetch GET 200 https://registry.npmjs.org/react-refresh 12053ms (cache miss)
121 silly packumentCache full:https://registry.npmjs.org/react-refresh set size:undefined disposed:false
122 http fetch GET 200 https://registry.npmjs.org/react-router 12489ms (cache miss)
123 silly packumentCache full:https://registry.npmjs.org/react-router set size:undefined disposed:false
124 http fetch GET 200 https://registry.npmjs.org/esbuild 13597ms (cache miss)
125 silly packumentCache full:https://registry.npmjs.org/esbuild set size:undefined disposed:false
126 http fetch GET 200 https://registry.npmjs.org/@types%2fbabel__core 16973ms (cache miss)
127 silly packumentCache full:https://registry.npmjs.org/@types%2fbabel__core set size:undefined disposed:false
128 http fetch GET 200 https://registry.npmjs.org/scheduler 17856ms (cache miss)
129 silly packumentCache full:https://registry.npmjs.org/scheduler set size:undefined disposed:false
130 http fetch GET 200 https://registry.npmjs.org/@rolldown%2fpluginutils 18007ms (cache miss)
131 silly packumentCache full:https://registry.npmjs.org/@rolldown%2fpluginutils set size:undefined disposed:false
132 http fetch GET 200 https://registry.npmjs.org/rollup 19444ms (cache miss)
133 silly packumentCache full:https://registry.npmjs.org/rollup set size:undefined disposed:false
134 http fetch GET 200 https://registry.npmjs.org/@babel%2fplugin-transform-react-jsx-self 33152ms (cache miss)
135 silly packumentCache full:https://registry.npmjs.org/@babel%2fplugin-transform-react-jsx-self set size:undefined disposed:false
136 silly placeDep ROOT @babel/core@7.29.7 OK for: @vitejs/plugin-react@4.7.0 want: ^7.28.0
137 silly placeDep ROOT @babel/plugin-transform-react-jsx-self@7.29.7 OK for: @vitejs/plugin-react@4.7.0 want: ^7.27.1
138 silly placeDep ROOT @babel/plugin-transform-react-jsx-source@7.29.7 OK for: @vitejs/plugin-react@4.7.0 want: ^7.27.1
139 silly placeDep ROOT @rolldown/pluginutils@1.0.0-beta.27 OK for: @vitejs/plugin-react@4.7.0 want: 1.0.0-beta.27
140 silly placeDep ROOT @types/babel__core@7.20.5 OK for: @vitejs/plugin-react@4.7.0 want: ^7.20.5
141 silly placeDep ROOT react-refresh@0.17.0 OK for: @vitejs/plugin-react@4.7.0 want: ^0.17.0
142 silly fetch manifest @babel/code-frame@^7.29.7
143 silly packumentCache full:https://registry.npmjs.org/@babel%2fcode-frame cache-miss
144 silly fetch manifest @babel/generator@^7.29.7
145 silly packumentCache full:https://registry.npmjs.org/@babel%2fgenerator cache-miss
146 silly fetch manifest @babel/helper-compilation-targets@^7.29.7
147 silly packumentCache full:https://registry.npmjs.org/@babel%2fhelper-compilation-targets cache-miss
148 silly fetch manifest @babel/helper-module-transforms@^7.29.7
149 silly packumentCache full:https://registry.npmjs.org/@babel%2fhelper-module-transforms cache-miss
150 silly fetch manifest @babel/helpers@^7.29.7
151 silly packumentCache full:https://registry.npmjs.org/@babel%2fhelpers cache-miss
152 silly fetch manifest @babel/parser@^7.29.7
153 silly packumentCache full:https://registry.npmjs.org/@babel%2fparser cache-miss
154 silly fetch manifest @babel/template@^7.29.7
155 silly packumentCache full:https://registry.npmjs.org/@babel%2ftemplate cache-miss
156 silly fetch manifest @babel/traverse@^7.29.7
157 silly packumentCache full:https://registry.npmjs.org/@babel%2ftraverse cache-miss
158 silly fetch manifest @babel/types@^7.29.7
159 silly packumentCache full:https://registry.npmjs.org/@babel%2ftypes cache-miss
160 silly fetch manifest @jridgewell/remapping@^2.3.5
161 silly packumentCache full:https://registry.npmjs.org/@jridgewell%2fremapping cache-miss
162 silly fetch manifest convert-source-map@^2.0.0
163 silly packumentCache full:https://registry.npmjs.org/convert-source-map cache-miss
164 silly fetch manifest debug@^4.1.0
165 silly packumentCache full:https://registry.npmjs.org/debug cache-miss
166 silly fetch manifest gensync@^1.0.0-beta.2
167 silly packumentCache full:https://registry.npmjs.org/gensync cache-miss
168 silly fetch manifest json5@^2.2.3
169 silly packumentCache full:https://registry.npmjs.org/json5 cache-miss
170 silly fetch manifest semver@^6.3.1
171 silly packumentCache full:https://registry.npmjs.org/semver cache-miss
172 silly fetch manifest @babel/helper-plugin-utils@^7.29.7
173 silly packumentCache full:https://registry.npmjs.org/@babel%2fhelper-plugin-utils cache-miss
174 silly fetch manifest @babel/helper-plugin-utils@^7.29.7
175 silly packumentCache full:https://registry.npmjs.org/@babel%2fhelper-plugin-utils cache-miss
176 silly fetch manifest @babel/types@^7.20.7
177 silly packumentCache full:https://registry.npmjs.org/@babel%2ftypes cache-miss
178 silly fetch manifest @babel/parser@^7.20.7
179 silly packumentCache full:https://registry.npmjs.org/@babel%2fparser cache-miss
180 silly fetch manifest @types/babel__template@*
181 silly packumentCache full:https://registry.npmjs.org/@types%2fbabel__template cache-miss
182 silly fetch manifest @types/babel__traverse@*
183 silly packumentCache full:https://registry.npmjs.org/@types%2fbabel__traverse cache-miss
184 http fetch GET 200 https://registry.npmjs.org/gensync 228ms (cache miss)
185 silly packumentCache full:https://registry.npmjs.org/gensync set size:undefined disposed:false
186 silly fetch manifest @types/babel__generator@*
187 silly packumentCache full:https://registry.npmjs.org/@types%2fbabel__generator cache-miss
188 http fetch GET 200 https://registry.npmjs.org/json5 832ms (cache miss)
189 silly packumentCache full:https://registry.npmjs.org/json5 set size:undefined disposed:false
190 http fetch GET 200 https://registry.npmjs.org/convert-source-map 844ms (cache miss)
191 silly packumentCache full:https://registry.npmjs.org/convert-source-map set size:undefined disposed:false
192 http fetch GET 200 https://registry.npmjs.org/@jridgewell%2fremapping 898ms (cache miss)
193 silly packumentCache full:https://registry.npmjs.org/@jridgewell%2fremapping set size:undefined disposed:false
194 http fetch GET 200 https://registry.npmjs.org/debug 988ms (cache miss)
195 silly packumentCache full:https://registry.npmjs.org/debug set size:undefined disposed:false
196 http fetch GET 200 https://registry.npmjs.org/@babel%2ftemplate 1019ms (cache miss)
197 silly packumentCache full:https://registry.npmjs.org/@babel%2ftemplate set size:undefined disposed:false
198 http fetch GET 200 https://registry.npmjs.org/@babel%2fhelper-compilation-targets 1039ms (cache miss)
199 silly packumentCache full:https://registry.npmjs.org/@babel%2fhelper-compilation-targets set size:undefined disposed:false
200 http fetch GET 200 https://registry.npmjs.org/@babel%2fhelper-plugin-utils 1061ms (cache miss)
201 silly packumentCache full:https://registry.npmjs.org/@babel%2fhelper-plugin-utils set size:undefined disposed:false
202 http fetch GET 200 https://registry.npmjs.org/@types%2fbabel__template 1208ms (cache miss)
203 silly packumentCache full:https://registry.npmjs.org/@types%2fbabel__template set size:undefined disposed:false
204 http fetch GET 200 https://registry.npmjs.org/@types%2fbabel__generator 1009ms (cache miss)
205 silly packumentCache full:https://registry.npmjs.org/@types%2fbabel__generator set size:undefined disposed:false
206 http fetch GET 200 https://registry.npmjs.org/@types%2fbabel__traverse 1367ms (cache miss)
207 silly packumentCache full:https://registry.npmjs.org/@types%2fbabel__traverse set size:undefined disposed:false
208 http fetch GET 200 https://registry.npmjs.org/semver 1944ms (cache miss)
209 silly packumentCache full:https://registry.npmjs.org/semver set size:undefined disposed:false
210 http fetch GET 200 https://registry.npmjs.org/@babel%2ftypes 2048ms (cache miss)
211 silly packumentCache full:https://registry.npmjs.org/@babel%2ftypes set size:undefined disposed:false
212 http fetch GET 200 https://registry.npmjs.org/@babel%2fgenerator 2306ms (cache miss)
213 silly packumentCache full:https://registry.npmjs.org/@babel%2fgenerator set size:undefined disposed:false
214 http fetch GET 200 https://registry.npmjs.org/@babel%2fparser 2460ms (cache miss)
215 silly packumentCache full:https://registry.npmjs.org/@babel%2fparser set size:undefined disposed:false
216 http fetch GET 200 https://registry.npmjs.org/@babel%2fparser 2539ms (cache miss)
217 silly packumentCache full:https://registry.npmjs.org/@babel%2fparser set size:undefined disposed:false
218 http fetch GET 200 https://registry.npmjs.org/@babel%2fhelper-plugin-utils 3086ms (cache miss)
219 silly packumentCache full:https://registry.npmjs.org/@babel%2fhelper-plugin-utils set size:undefined disposed:false
220 http fetch GET 200 https://registry.npmjs.org/@babel%2fhelper-module-transforms 3122ms (cache miss)
221 silly packumentCache full:https://registry.npmjs.org/@babel%2fhelper-module-transforms set size:undefined disposed:false
222 http fetch GET 200 https://registry.npmjs.org/@babel%2fhelpers 3225ms (cache miss)
223 silly packumentCache full:https://registry.npmjs.org/@babel%2fhelpers set size:undefined disposed:false
224 http fetch GET 200 https://registry.npmjs.org/@babel%2ftypes 3884ms (cache miss)
225 silly packumentCache full:https://registry.npmjs.org/@babel%2ftypes set size:undefined disposed:false
226 http fetch GET 200 https://registry.npmjs.org/@babel%2ftraverse 4301ms (cache miss)
227 silly packumentCache full:https://registry.npmjs.org/@babel%2ftraverse set size:undefined disposed:false
228 http fetch GET 200 https://registry.npmjs.org/@babel%2fcode-frame 4447ms (cache miss)
229 silly packumentCache full:https://registry.npmjs.org/@babel%2fcode-frame set size:undefined disposed:false
230 silly fetch manifest @babel/core@^7.0.0
231 silly packumentCache full:https://registry.npmjs.org/@babel%2fcore cache-miss
232 http cache https://registry.npmjs.org/@babel%2fcore 23ms (cache hit)
233 silly packumentCache full:https://registry.npmjs.org/@babel%2fcore set size:779631 disposed:false
234 silly placeDep ROOT @babel/code-frame@7.29.7 OK for: @babel/core@7.29.7 want: ^7.29.7
235 silly placeDep ROOT @babel/generator@7.29.7 OK for: @babel/core@7.29.7 want: ^7.29.7
236 silly placeDep ROOT @babel/helper-compilation-targets@7.29.7 OK for: @babel/core@7.29.7 want: ^7.29.7
237 silly placeDep ROOT @babel/helper-module-transforms@7.29.7 OK for: @babel/core@7.29.7 want: ^7.29.7
238 silly placeDep ROOT @babel/helpers@7.29.7 OK for: @babel/core@7.29.7 want: ^7.29.7
239 silly placeDep ROOT @babel/parser@7.29.7 OK for: @babel/core@7.29.7 want: ^7.29.7
240 silly placeDep ROOT @babel/template@7.29.7 OK for: @babel/core@7.29.7 want: ^7.29.7
241 silly placeDep ROOT @babel/traverse@7.29.7 OK for: @babel/core@7.29.7 want: ^7.29.7
242 silly placeDep ROOT @babel/types@7.29.7 OK for: @babel/core@7.29.7 want: ^7.29.7
243 silly placeDep ROOT @jridgewell/remapping@2.3.5 OK for: @babel/core@7.29.7 want: ^2.3.5
244 silly placeDep ROOT convert-source-map@2.0.0 OK for: @babel/core@7.29.7 want: ^2.0.0
245 silly placeDep ROOT debug@4.4.3 OK for: @babel/core@7.29.7 want: ^4.1.0
246 silly placeDep ROOT gensync@1.0.0-beta.2 OK for: @babel/core@7.29.7 want: ^1.0.0-beta.2
247 silly placeDep ROOT json5@2.2.3 OK for: @babel/core@7.29.7 want: ^2.2.3
248 silly placeDep ROOT semver@6.3.1 OK for: @babel/core@7.29.7 want: ^6.3.1
249 silly fetch manifest @babel/helper-validator-identifier@^7.29.7
250 silly packumentCache full:https://registry.npmjs.org/@babel%2fhelper-validator-identifier cache-miss
251 silly fetch manifest js-tokens@^4.0.0
252 silly packumentCache full:https://registry.npmjs.org/js-tokens cache-miss
253 silly fetch manifest picocolors@^1.1.1
254 silly packumentCache full:https://registry.npmjs.org/picocolors cache-miss
255 silly fetch manifest @jridgewell/gen-mapping@^0.3.12
256 silly packumentCache full:https://registry.npmjs.org/@jridgewell%2fgen-mapping cache-miss
257 silly fetch manifest @jridgewell/trace-mapping@^0.3.28
258 silly packumentCache full:https://registry.npmjs.org/@jridgewell%2ftrace-mapping cache-miss
259 silly fetch manifest jsesc@^3.0.2
260 silly packumentCache full:https://registry.npmjs.org/jsesc cache-miss
261 silly fetch manifest @babel/compat-data@^7.29.7
262 silly packumentCache full:https://registry.npmjs.org/@babel%2fcompat-data cache-miss
263 silly fetch manifest @babel/helper-validator-option@^7.29.7
264 silly packumentCache full:https://registry.npmjs.org/@babel%2fhelper-validator-option cache-miss
265 silly fetch manifest browserslist@^4.24.0
266 silly packumentCache full:https://registry.npmjs.org/browserslist cache-miss
267 silly fetch manifest lru-cache@^5.1.1
268 silly packumentCache full:https://registry.npmjs.org/lru-cache cache-miss
269 silly fetch manifest @babel/helper-module-imports@^7.29.7
270 silly packumentCache full:https://registry.npmjs.org/@babel%2fhelper-module-imports cache-miss
271 silly fetch manifest @babel/helper-validator-identifier@^7.29.7
272 silly packumentCache full:https://registry.npmjs.org/@babel%2fhelper-validator-identifier cache-miss
273 silly fetch manifest @babel/helper-globals@^7.29.7
274 silly packumentCache full:https://registry.npmjs.org/@babel%2fhelper-globals cache-miss
275 silly fetch manifest debug@^4.3.1
276 silly packumentCache full:https://registry.npmjs.org/debug cache-miss
277 silly fetch manifest @babel/helper-string-parser@^7.29.7
278 silly packumentCache full:https://registry.npmjs.org/@babel%2fhelper-string-parser cache-miss
279 silly fetch manifest @babel/helper-validator-identifier@^7.29.7
280 silly packumentCache full:https://registry.npmjs.org/@babel%2fhelper-validator-identifier cache-miss
281 silly fetch manifest @jridgewell/gen-mapping@^0.3.5
282 silly packumentCache full:https://registry.npmjs.org/@jridgewell%2fgen-mapping cache-miss
283 silly fetch manifest @jridgewell/trace-mapping@^0.3.24
284 silly packumentCache full:https://registry.npmjs.org/@jridgewell%2ftrace-mapping cache-miss
285 silly fetch manifest ms@^2.1.3
286 silly packumentCache full:https://registry.npmjs.org/ms cache-miss
287 http cache https://registry.npmjs.org/debug 61ms (cache hit)
288 silly packumentCache full:https://registry.npmjs.org/debug set size:195840 disposed:false
289 http fetch GET 200 https://registry.npmjs.org/picocolors 99ms (cache miss)
290 silly packumentCache full:https://registry.npmjs.org/picocolors set size:undefined disposed:false
291 http fetch GET 200 https://registry.npmjs.org/@babel%2fhelper-validator-option 1010ms (cache miss)
292 silly packumentCache full:https://registry.npmjs.org/@babel%2fhelper-validator-option set size:undefined disposed:false
293 http fetch GET 200 https://registry.npmjs.org/@babel%2fcompat-data 1089ms (cache miss)
294 silly packumentCache full:https://registry.npmjs.org/@babel%2fcompat-data set size:undefined disposed:false
295 http fetch GET 200 https://registry.npmjs.org/@jridgewell%2fgen-mapping 1121ms (cache miss)
296 silly packumentCache full:https://registry.npmjs.org/@jridgewell%2fgen-mapping set size:undefined disposed:false
297 http fetch GET 200 https://registry.npmjs.org/@babel%2fhelper-validator-identifier 1118ms (cache miss)
298 silly packumentCache full:https://registry.npmjs.org/@babel%2fhelper-validator-identifier set size:undefined disposed:false
299 http fetch GET 200 https://registry.npmjs.org/ms 1153ms (cache miss)
300 silly packumentCache full:https://registry.npmjs.org/ms set size:undefined disposed:false
301 http fetch GET 200 https://registry.npmjs.org/@jridgewell%2ftrace-mapping 1174ms (cache miss)
302 silly packumentCache full:https://registry.npmjs.org/@jridgewell%2ftrace-mapping set size:undefined disposed:false
303 http fetch GET 200 https://registry.npmjs.org/js-tokens 1265ms (cache miss)
304 silly packumentCache full:https://registry.npmjs.org/js-tokens set size:undefined disposed:false
305 http fetch GET 200 https://registry.npmjs.org/@babel%2fhelper-string-parser 2076ms (cache miss)
306 silly packumentCache full:https://registry.npmjs.org/@babel%2fhelper-string-parser set size:undefined disposed:false
307 http fetch GET 200 https://registry.npmjs.org/@babel%2fhelper-validator-identifier 2284ms (cache miss)
308 silly packumentCache full:https://registry.npmjs.org/@babel%2fhelper-validator-identifier set size:undefined disposed:false
309 http fetch GET 200 https://registry.npmjs.org/@babel%2fhelper-validator-identifier 2447ms (cache miss)
310 silly packumentCache full:https://registry.npmjs.org/@babel%2fhelper-validator-identifier set size:undefined disposed:false
311 http fetch GET 200 https://registry.npmjs.org/browserslist 2471ms (cache miss)
312 silly packumentCache full:https://registry.npmjs.org/browserslist set size:undefined disposed:false
313 http fetch GET 200 https://registry.npmjs.org/@babel%2fhelper-module-imports 3017ms (cache miss)
314 silly packumentCache full:https://registry.npmjs.org/@babel%2fhelper-module-imports set size:undefined disposed:false
315 http fetch GET 200 https://registry.npmjs.org/@babel%2fhelper-globals 3279ms (cache miss)
316 silly packumentCache full:https://registry.npmjs.org/@babel%2fhelper-globals set size:undefined disposed:false
317 http fetch GET 200 https://registry.npmjs.org/jsesc 3341ms (cache miss)
318 silly packumentCache full:https://registry.npmjs.org/jsesc set size:undefined disposed:false
319 http fetch GET 200 https://registry.npmjs.org/lru-cache 5138ms (cache miss)
320 silly packumentCache full:https://registry.npmjs.org/lru-cache set size:undefined disposed:false
321 http fetch GET 200 https://registry.npmjs.org/@jridgewell%2ftrace-mapping 7692ms (cache miss)
322 silly packumentCache full:https://registry.npmjs.org/@jridgewell%2ftrace-mapping set size:undefined disposed:false
323 http fetch GET 200 https://registry.npmjs.org/@jridgewell%2fgen-mapping 15735ms (cache miss)
324 silly packumentCache full:https://registry.npmjs.org/@jridgewell%2fgen-mapping set size:undefined disposed:false
325 silly placeDep ROOT @babel/helper-validator-identifier@7.29.7 OK for: @babel/code-frame@7.29.7 want: ^7.29.7
326 silly placeDep ROOT js-tokens@4.0.0 OK for: @babel/code-frame@7.29.7 want: ^4.0.0
327 silly placeDep ROOT picocolors@1.1.1 OK for: @babel/code-frame@7.29.7 want: ^1.1.1
328 silly placeDep ROOT @jridgewell/gen-mapping@0.3.13 OK for: @babel/generator@7.29.7 want: ^0.3.12
329 silly placeDep ROOT @jridgewell/trace-mapping@0.3.31 OK for: @babel/generator@7.29.7 want: ^0.3.28
330 silly placeDep ROOT jsesc@3.1.0 OK for: @babel/generator@7.29.7 want: ^3.0.2
331 silly fetch manifest @jridgewell/sourcemap-codec@^1.5.0
332 silly packumentCache full:https://registry.npmjs.org/@jridgewell%2fsourcemap-codec cache-miss
333 silly fetch manifest @jridgewell/resolve-uri@^3.1.0
334 silly packumentCache full:https://registry.npmjs.org/@jridgewell%2fresolve-uri cache-miss
335 silly fetch manifest @jridgewell/sourcemap-codec@^1.4.14
336 silly packumentCache full:https://registry.npmjs.org/@jridgewell%2fsourcemap-codec cache-miss
337 http fetch GET 200 https://registry.npmjs.org/@jridgewell%2fsourcemap-codec 169ms (cache miss)
338 silly packumentCache full:https://registry.npmjs.org/@jridgewell%2fsourcemap-codec set size:undefined disposed:false
339 http fetch GET 200 https://registry.npmjs.org/@jridgewell%2fsourcemap-codec 188ms (cache miss)
340 silly packumentCache full:https://registry.npmjs.org/@jridgewell%2fsourcemap-codec set size:undefined disposed:false
341 http fetch GET 200 https://registry.npmjs.org/@jridgewell%2fresolve-uri 650ms (cache miss)
342 silly packumentCache full:https://registry.npmjs.org/@jridgewell%2fresolve-uri set size:undefined disposed:false
343 silly placeDep ROOT @babel/compat-data@7.29.7 OK for: @babel/helper-compilation-targets@7.29.7 want: ^7.29.7
344 silly placeDep ROOT @babel/helper-validator-option@7.29.7 OK for: @babel/helper-compilation-targets@7.29.7 want: ^7.29.7
345 silly placeDep ROOT browserslist@4.28.2 OK for: @babel/helper-compilation-targets@7.29.7 want: ^4.24.0
346 silly placeDep ROOT lru-cache@5.1.1 OK for: @babel/helper-compilation-targets@7.29.7 want: ^5.1.1
347 silly fetch manifest baseline-browser-mapping@^2.10.12
348 silly packumentCache full:https://registry.npmjs.org/baseline-browser-mapping cache-miss
349 silly fetch manifest caniuse-lite@^1.0.30001782
350 silly packumentCache full:https://registry.npmjs.org/caniuse-lite cache-miss
351 silly fetch manifest electron-to-chromium@^1.5.328
352 silly packumentCache full:https://registry.npmjs.org/electron-to-chromium cache-miss
353 silly fetch manifest node-releases@^2.0.36
354 silly packumentCache full:https://registry.npmjs.org/node-releases cache-miss
355 silly fetch manifest update-browserslist-db@^1.2.3
356 silly packumentCache full:https://registry.npmjs.org/update-browserslist-db cache-miss
357 silly fetch manifest yallist@^3.0.2
358 silly packumentCache full:https://registry.npmjs.org/yallist cache-miss
359 http fetch GET 200 https://registry.npmjs.org/update-browserslist-db 830ms (cache miss)
360 silly packumentCache full:https://registry.npmjs.org/update-browserslist-db set size:undefined disposed:false
361 http fetch GET 200 https://registry.npmjs.org/node-releases 1001ms (cache miss)
362 silly packumentCache full:https://registry.npmjs.org/node-releases set size:undefined disposed:false
363 http fetch GET 200 https://registry.npmjs.org/yallist 1006ms (cache miss)
364 silly packumentCache full:https://registry.npmjs.org/yallist set size:undefined disposed:false
365 http fetch GET 200 https://registry.npmjs.org/baseline-browser-mapping 1201ms (cache miss)
366 silly packumentCache full:https://registry.npmjs.org/baseline-browser-mapping set size:undefined disposed:false
367 http fetch GET 200 https://registry.npmjs.org/caniuse-lite 9010ms (cache miss)
368 silly packumentCache full:https://registry.npmjs.org/caniuse-lite set size:undefined disposed:false
369 http fetch GET 200 https://registry.npmjs.org/electron-to-chromium 13246ms (cache miss)
370 silly packumentCache full:https://registry.npmjs.org/electron-to-chromium set size:undefined disposed:false
371 silly placeDep ROOT @babel/helper-module-imports@7.29.7 OK for: @babel/helper-module-transforms@7.29.7 want: ^7.29.7
372 silly placeDep ROOT @babel/helper-plugin-utils@7.29.7 OK for: @babel/plugin-transform-react-jsx-self@7.29.7 want: ^7.29.7
373 silly placeDep ROOT @babel/helper-globals@7.29.7 OK for: @babel/traverse@7.29.7 want: ^7.29.7
374 silly placeDep ROOT @babel/helper-string-parser@7.29.7 OK for: @babel/types@7.29.7 want: ^7.29.7
375 silly placeDep ROOT @jridgewell/sourcemap-codec@1.5.5 OK for: @jridgewell/gen-mapping@0.3.13 want: ^1.5.0
376 silly placeDep ROOT @jridgewell/resolve-uri@3.1.2 OK for: @jridgewell/trace-mapping@0.3.31 want: ^3.1.0
377 silly placeDep ROOT @types/babel__generator@7.27.0 OK for: @types/babel__core@7.20.5 want: *
378 silly placeDep ROOT @types/babel__template@7.4.4 OK for: @types/babel__core@7.20.5 want: *
379 silly placeDep ROOT @types/babel__traverse@7.28.0 OK for: @types/babel__core@7.20.5 want: *
380 silly fetch manifest browserslist@>= 4.21.0
381 silly packumentCache full:https://registry.npmjs.org/browserslist cache-miss
382 http cache https://registry.npmjs.org/browserslist 12ms (cache hit)
383 silly packumentCache full:https://registry.npmjs.org/browserslist set size:504681 disposed:false
384 silly placeDep ROOT baseline-browser-mapping@2.10.37 OK for: browserslist@4.28.2 want: ^2.10.12
385 silly placeDep ROOT caniuse-lite@1.0.30001799 OK for: browserslist@4.28.2 want: ^1.0.30001782
386 silly placeDep ROOT electron-to-chromium@1.5.373 OK for: browserslist@4.28.2 want: ^1.5.328
387 silly placeDep ROOT node-releases@2.0.47 OK for: browserslist@4.28.2 want: ^2.0.36
388 silly placeDep ROOT update-browserslist-db@1.2.3 OK for: browserslist@4.28.2 want: ^1.2.3
389 silly fetch manifest escalade@^3.2.0
390 silly packumentCache full:https://registry.npmjs.org/escalade cache-miss
391 http fetch GET 200 https://registry.npmjs.org/escalade 828ms (cache miss)
392 silly packumentCache full:https://registry.npmjs.org/escalade set size:undefined disposed:false
393 silly placeDep ROOT ms@2.1.3 OK for: debug@4.4.3 want: ^2.1.3
394 silly placeDep ROOT yallist@3.1.1 OK for: lru-cache@5.1.1 want: ^3.0.2
395 silly placeDep ROOT loose-envify@1.4.0 OK for: react@18.3.1 want: ^1.1.0
396 silly placeDep ROOT scheduler@0.23.2 OK for: react-dom@18.3.1 want: ^0.23.2
397 silly fetch manifest react@>=16.8
398 silly packumentCache full:https://registry.npmjs.org/react cache-miss
399 http cache https://registry.npmjs.org/react 27ms (cache hit)
400 silly packumentCache full:https://registry.npmjs.org/react set size:6706558 disposed:false
401 silly placeDep ROOT @remix-run/router@1.23.3 OK for: react-router-dom@6.30.4 want: 1.23.3
402 silly placeDep ROOT react-router@6.30.4 OK for: react-router-dom@6.30.4 want: 6.30.4
403 silly placeDep ROOT escalade@3.2.0 OK for: update-browserslist-db@1.2.3 want: ^3.2.0
404 silly placeDep ROOT esbuild@0.21.5 OK for: vite@5.4.21 want: ^0.21.3
405 silly placeDep ROOT fsevents@2.3.3 OK for: vite@5.4.21 want: ~2.3.3
406 silly placeDep ROOT postcss@8.5.15 OK for: vite@5.4.21 want: ^8.4.43
407 silly placeDep ROOT rollup@4.62.0 OK for: vite@5.4.21 want: ^4.20.0
408 silly fetch manifest @esbuild/aix-ppc64@0.21.5
409 silly packumentCache full:https://registry.npmjs.org/@esbuild%2faix-ppc64 cache-miss
410 silly fetch manifest @esbuild/linux-arm@0.21.5
411 silly packumentCache full:https://registry.npmjs.org/@esbuild%2flinux-arm cache-miss
412 silly fetch manifest @esbuild/linux-x64@0.21.5
413 silly packumentCache full:https://registry.npmjs.org/@esbuild%2flinux-x64 cache-miss
414 silly fetch manifest @esbuild/sunos-x64@0.21.5
415 silly packumentCache full:https://registry.npmjs.org/@esbuild%2fsunos-x64 cache-miss
416 silly fetch manifest @esbuild/win32-x64@0.21.5
417 silly packumentCache full:https://registry.npmjs.org/@esbuild%2fwin32-x64 cache-miss
418 silly fetch manifest @esbuild/darwin-x64@0.21.5
419 silly packumentCache full:https://registry.npmjs.org/@esbuild%2fdarwin-x64 cache-miss
420 silly fetch manifest @esbuild/linux-ia32@0.21.5
421 silly packumentCache full:https://registry.npmjs.org/@esbuild%2flinux-ia32 cache-miss
422 silly fetch manifest @esbuild/netbsd-x64@0.21.5
423 silly packumentCache full:https://registry.npmjs.org/@esbuild%2fnetbsd-x64 cache-miss
424 silly fetch manifest @esbuild/win32-ia32@0.21.5
425 silly packumentCache full:https://registry.npmjs.org/@esbuild%2fwin32-ia32 cache-miss
426 silly fetch manifest @esbuild/android-arm@0.21.5
427 silly packumentCache full:https://registry.npmjs.org/@esbuild%2fandroid-arm cache-miss
428 silly fetch manifest @esbuild/android-x64@0.21.5
429 silly packumentCache full:https://registry.npmjs.org/@esbuild%2fandroid-x64 cache-miss
430 silly fetch manifest @esbuild/freebsd-x64@0.21.5
431 silly packumentCache full:https://registry.npmjs.org/@esbuild%2ffreebsd-x64 cache-miss
432 silly fetch manifest @esbuild/linux-arm64@0.21.5
433 silly packumentCache full:https://registry.npmjs.org/@esbuild%2flinux-arm64 cache-miss
434 silly fetch manifest @esbuild/linux-ppc64@0.21.5
435 silly packumentCache full:https://registry.npmjs.org/@esbuild%2flinux-ppc64 cache-miss
436 silly fetch manifest @esbuild/linux-s390x@0.21.5
437 silly packumentCache full:https://registry.npmjs.org/@esbuild%2flinux-s390x cache-miss
438 silly fetch manifest @esbuild/openbsd-x64@0.21.5
439 silly packumentCache full:https://registry.npmjs.org/@esbuild%2fopenbsd-x64 cache-miss
440 silly fetch manifest @esbuild/win32-arm64@0.21.5
441 silly packumentCache full:https://registry.npmjs.org/@esbuild%2fwin32-arm64 cache-miss
442 silly fetch manifest @esbuild/darwin-arm64@0.21.5
443 silly packumentCache full:https://registry.npmjs.org/@esbuild%2fdarwin-arm64 cache-miss
444 silly fetch manifest @esbuild/android-arm64@0.21.5
445 silly packumentCache full:https://registry.npmjs.org/@esbuild%2fandroid-arm64 cache-miss
446 silly fetch manifest @esbuild/freebsd-arm64@0.21.5
447 silly packumentCache full:https://registry.npmjs.org/@esbuild%2ffreebsd-arm64 cache-miss
448 silly fetch manifest @esbuild/linux-loong64@0.21.5
449 silly packumentCache full:https://registry.npmjs.org/@esbuild%2flinux-loong64 cache-miss
450 http fetch GET 200 https://registry.npmjs.org/@esbuild%2faix-ppc64 736ms (cache miss)
451 silly packumentCache full:https://registry.npmjs.org/@esbuild%2faix-ppc64 set size:undefined disposed:false
452 silly fetch manifest @esbuild/linux-riscv64@0.21.5
453 silly packumentCache full:https://registry.npmjs.org/@esbuild%2flinux-riscv64 cache-miss
454 http fetch GET 200 https://registry.npmjs.org/@esbuild%2flinux-ppc64 777ms (cache miss)
455 silly packumentCache full:https://registry.npmjs.org/@esbuild%2flinux-ppc64 set size:undefined disposed:false
456 silly fetch manifest @esbuild/linux-mips64el@0.21.5
457 silly packumentCache full:https://registry.npmjs.org/@esbuild%2flinux-mips64el cache-miss
458 http fetch GET 200 https://registry.npmjs.org/@esbuild%2fwin32-ia32 1463ms (cache miss)
459 silly packumentCache full:https://registry.npmjs.org/@esbuild%2fwin32-ia32 set size:undefined disposed:false
460 silly fetch manifest nanoid@^3.3.12
461 silly packumentCache full:https://registry.npmjs.org/nanoid cache-miss
462 http fetch GET 200 https://registry.npmjs.org/@esbuild%2fnetbsd-x64 1500ms (cache miss)
463 silly packumentCache full:https://registry.npmjs.org/@esbuild%2fnetbsd-x64 set size:undefined disposed:false
464 silly fetch manifest source-map-js@^1.2.1
465 silly packumentCache full:https://registry.npmjs.org/source-map-js cache-miss
466 http fetch GET 200 https://registry.npmjs.org/@esbuild%2fwin32-arm64 1599ms (cache miss)
467 silly packumentCache full:https://registry.npmjs.org/@esbuild%2fwin32-arm64 set size:undefined disposed:false
468 silly fetch manifest @types/estree@1.0.9
469 silly packumentCache full:https://registry.npmjs.org/@types%2festree cache-miss
470 http fetch GET 200 https://registry.npmjs.org/@esbuild%2fdarwin-x64 1646ms (cache miss)
471 silly packumentCache full:https://registry.npmjs.org/@esbuild%2fdarwin-x64 set size:undefined disposed:false
472 silly fetch manifest @rollup/rollup-darwin-arm64@4.62.0
473 silly packumentCache full:https://registry.npmjs.org/@rollup%2frollup-darwin-arm64 cache-miss
474 http fetch GET 200 https://registry.npmjs.org/@esbuild%2fandroid-arm 1855ms (cache miss)
475 silly packumentCache full:https://registry.npmjs.org/@esbuild%2fandroid-arm set size:undefined disposed:false
476 silly fetch manifest @rollup/rollup-android-arm64@4.62.0
477 silly packumentCache full:https://registry.npmjs.org/@rollup%2frollup-android-arm64 cache-miss
478 http fetch GET 200 https://registry.npmjs.org/@esbuild%2fdarwin-arm64 2047ms (cache miss)
479 silly packumentCache full:https://registry.npmjs.org/@esbuild%2fdarwin-arm64 set size:undefined disposed:false
480 silly fetch manifest @rollup/rollup-win32-arm64-msvc@4.62.0
481 silly packumentCache full:https://registry.npmjs.org/@rollup%2frollup-win32-arm64-msvc cache-miss
482 http fetch GET 200 https://registry.npmjs.org/@esbuild%2fsunos-x64 2613ms (cache miss)
483 silly packumentCache full:https://registry.npmjs.org/@esbuild%2fsunos-x64 set size:undefined disposed:false
484 silly fetch manifest @rollup/rollup-freebsd-arm64@4.62.0
485 silly packumentCache full:https://registry.npmjs.org/@rollup%2frollup-freebsd-arm64 cache-miss
486 http fetch GET 200 https://registry.npmjs.org/@esbuild%2ffreebsd-arm64 2616ms (cache miss)
487 silly packumentCache full:https://registry.npmjs.org/@esbuild%2ffreebsd-arm64 set size:undefined disposed:false
488 silly fetch manifest @rollup/rollup-linux-arm64-gnu@4.62.0
489 silly packumentCache full:https://registry.npmjs.org/@rollup%2frollup-linux-arm64-gnu cache-miss
490 http fetch GET 200 https://registry.npmjs.org/source-map-js 1193ms (cache miss)
491 silly packumentCache full:https://registry.npmjs.org/source-map-js set size:undefined disposed:false
492 silly fetch manifest @rollup/rollup-linux-arm64-musl@4.62.0
493 silly packumentCache full:https://registry.npmjs.org/@rollup%2frollup-linux-arm64-musl cache-miss
494 http fetch GET 200 https://registry.npmjs.org/@esbuild%2fopenbsd-x64 2723ms (cache miss)
495 silly packumentCache full:https://registry.npmjs.org/@esbuild%2fopenbsd-x64 set size:undefined disposed:false
496 silly fetch manifest @rollup/rollup-android-arm-eabi@4.62.0
497 silly packumentCache full:https://registry.npmjs.org/@rollup%2frollup-android-arm-eabi cache-miss
498 http fetch GET 200 https://registry.npmjs.org/@types%2festree 1197ms (cache miss)
499 silly packumentCache full:https://registry.npmjs.org/@types%2festree set size:undefined disposed:false
500 silly fetch manifest @rollup/rollup-linux-arm-gnueabihf@4.62.0
501 silly packumentCache full:https://registry.npmjs.org/@rollup%2frollup-linux-arm-gnueabihf cache-miss
502 http fetch GET 200 https://registry.npmjs.org/@esbuild%2fandroid-arm64 2808ms (cache miss)
503 silly packumentCache full:https://registry.npmjs.org/@esbuild%2fandroid-arm64 set size:undefined disposed:false
504 silly fetch manifest @rollup/rollup-linux-arm-musleabihf@4.62.0
505 silly packumentCache full:https://registry.npmjs.org/@rollup%2frollup-linux-arm-musleabihf cache-miss
506 http fetch GET 200 https://registry.npmjs.org/@esbuild%2flinux-arm64 2924ms (cache miss)
507 silly packumentCache full:https://registry.npmjs.org/@esbuild%2flinux-arm64 set size:undefined disposed:false
508 silly fetch manifest @rollup/rollup-win32-ia32-msvc@4.62.0
509 silly packumentCache full:https://registry.npmjs.org/@rollup%2frollup-win32-ia32-msvc cache-miss
510 http fetch GET 200 https://registry.npmjs.org/@esbuild%2flinux-mips64el 2241ms (cache miss)
511 silly packumentCache full:https://registry.npmjs.org/@esbuild%2flinux-mips64el set size:undefined disposed:false
512 silly fetch manifest @rollup/rollup-linux-loong64-gnu@4.62.0
513 silly packumentCache full:https://registry.npmjs.org/@rollup%2frollup-linux-loong64-gnu cache-miss
514 http fetch GET 200 https://registry.npmjs.org/@esbuild%2flinux-loong64 3383ms (cache miss)
515 silly packumentCache full:https://registry.npmjs.org/@esbuild%2flinux-loong64 set size:undefined disposed:false
516 silly fetch manifest @rollup/rollup-linux-loong64-musl@4.62.0
517 silly packumentCache full:https://registry.npmjs.org/@rollup%2frollup-linux-loong64-musl cache-miss
518 http fetch GET 200 https://registry.npmjs.org/@rollup%2frollup-linux-arm64-gnu 836ms (cache miss)
519 silly packumentCache full:https://registry.npmjs.org/@rollup%2frollup-linux-arm64-gnu set size:undefined disposed:false
520 silly fetch manifest @rollup/rollup-linux-riscv64-gnu@4.62.0
521 silly packumentCache full:https://registry.npmjs.org/@rollup%2frollup-linux-riscv64-gnu cache-miss
522 http fetch GET 200 https://registry.npmjs.org/nanoid 2044ms (cache miss)
523 silly packumentCache full:https://registry.npmjs.org/nanoid set size:undefined disposed:false
524 silly fetch manifest @rollup/rollup-linux-riscv64-musl@4.62.0
525 silly packumentCache full:https://registry.npmjs.org/@rollup%2frollup-linux-riscv64-musl cache-miss
526 http fetch GET 200 https://registry.npmjs.org/@esbuild%2fwin32-x64 3542ms (cache miss)
527 silly packumentCache full:https://registry.npmjs.org/@esbuild%2fwin32-x64 set size:undefined disposed:false
528 silly fetch manifest @rollup/rollup-linux-ppc64-gnu@4.62.0
529 silly packumentCache full:https://registry.npmjs.org/@rollup%2frollup-linux-ppc64-gnu cache-miss
530 http fetch GET 200 https://registry.npmjs.org/@rollup%2frollup-darwin-arm64 1901ms (cache miss)
531 silly packumentCache full:https://registry.npmjs.org/@rollup%2frollup-darwin-arm64 set size:undefined disposed:false
532 silly fetch manifest @rollup/rollup-linux-ppc64-musl@4.62.0
533 silly packumentCache full:https://registry.npmjs.org/@rollup%2frollup-linux-ppc64-musl cache-miss
534 http fetch GET 200 https://registry.npmjs.org/@esbuild%2flinux-arm 3665ms (cache miss)
535 silly packumentCache full:https://registry.npmjs.org/@esbuild%2flinux-arm set size:undefined disposed:false
536 silly fetch manifest @rollup/rollup-linux-s390x-gnu@4.62.0
537 silly packumentCache full:https://registry.npmjs.org/@rollup%2frollup-linux-s390x-gnu cache-miss
538 http fetch GET 200 https://registry.npmjs.org/@rollup%2frollup-android-arm-eabi 955ms (cache miss)
539 silly packumentCache full:https://registry.npmjs.org/@rollup%2frollup-android-arm-eabi set size:undefined disposed:false
540 silly fetch manifest @rollup/rollup-darwin-x64@4.62.0
541 silly packumentCache full:https://registry.npmjs.org/@rollup%2frollup-darwin-x64 cache-miss
542 http fetch GET 200 https://registry.npmjs.org/@esbuild%2flinux-riscv64 3008ms (cache miss)
543 silly packumentCache full:https://registry.npmjs.org/@esbuild%2flinux-riscv64 set size:undefined disposed:false
544 silly fetch manifest @rollup/rollup-win32-x64-gnu@4.62.0
545 silly packumentCache full:https://registry.npmjs.org/@rollup%2frollup-win32-x64-gnu cache-miss
546 http fetch GET 200 https://registry.npmjs.org/@rollup%2frollup-linux-arm-gnueabihf 1008ms (cache miss)
547 silly packumentCache full:https://registry.npmjs.org/@rollup%2frollup-linux-arm-gnueabihf set size:undefined disposed:false
548 silly fetch manifest @rollup/rollup-win32-x64-msvc@4.62.0
549 silly packumentCache full:https://registry.npmjs.org/@rollup%2frollup-win32-x64-msvc cache-miss
550 http fetch GET 200 https://registry.npmjs.org/@rollup%2frollup-linux-arm-musleabihf 1055ms (cache miss)
551 silly packumentCache full:https://registry.npmjs.org/@rollup%2frollup-linux-arm-musleabihf set size:undefined disposed:false
552 silly fetch manifest @rollup/rollup-freebsd-x64@4.62.0
553 silly packumentCache full:https://registry.npmjs.org/@rollup%2frollup-freebsd-x64 cache-miss
554 http fetch GET 200 https://registry.npmjs.org/@rollup%2frollup-win32-arm64-msvc 1962ms (cache miss)
555 silly packumentCache full:https://registry.npmjs.org/@rollup%2frollup-win32-arm64-msvc set size:undefined disposed:false
556 silly fetch manifest @rollup/rollup-linux-x64-gnu@4.62.0
557 silly packumentCache full:https://registry.npmjs.org/@rollup%2frollup-linux-x64-gnu cache-miss
558 http fetch GET 200 https://registry.npmjs.org/@rollup%2frollup-linux-loong64-gnu 1338ms (cache miss)
559 silly packumentCache full:https://registry.npmjs.org/@rollup%2frollup-linux-loong64-gnu set size:undefined disposed:false
560 silly fetch manifest @rollup/rollup-linux-x64-musl@4.62.0
561 silly packumentCache full:https://registry.npmjs.org/@rollup%2frollup-linux-x64-musl cache-miss
562 http fetch GET 200 https://registry.npmjs.org/@rollup%2frollup-linux-loong64-musl 1068ms (cache miss)
563 silly packumentCache full:https://registry.npmjs.org/@rollup%2frollup-linux-loong64-musl set size:undefined disposed:false
564 silly fetch manifest @rollup/rollup-openbsd-x64@4.62.0
565 silly packumentCache full:https://registry.npmjs.org/@rollup%2frollup-openbsd-x64 cache-miss
566 http fetch GET 200 https://registry.npmjs.org/@rollup%2frollup-linux-arm64-musl 1809ms (cache miss)
567 silly packumentCache full:https://registry.npmjs.org/@rollup%2frollup-linux-arm64-musl set size:undefined disposed:false
568 silly fetch manifest @rollup/rollup-openharmony-arm64@4.62.0
569 silly packumentCache full:https://registry.npmjs.org/@rollup%2frollup-openharmony-arm64 cache-miss
570 http fetch GET 200 https://registry.npmjs.org/@rollup%2frollup-linux-ppc64-musl 1073ms (cache miss)
571 silly packumentCache full:https://registry.npmjs.org/@rollup%2frollup-linux-ppc64-musl set size:undefined disposed:false
572 http fetch GET 200 https://registry.npmjs.org/@rollup%2frollup-linux-ppc64-gnu 1095ms (cache miss)
573 silly packumentCache full:https://registry.npmjs.org/@rollup%2frollup-linux-ppc64-gnu set size:undefined disposed:false
574 http fetch GET 200 https://registry.npmjs.org/@rollup%2frollup-linux-riscv64-gnu 1185ms (cache miss)
575 silly packumentCache full:https://registry.npmjs.org/@rollup%2frollup-linux-riscv64-gnu set size:undefined disposed:false
576 http fetch GET 200 https://registry.npmjs.org/@rollup%2frollup-linux-riscv64-musl 1173ms (cache miss)
577 silly packumentCache full:https://registry.npmjs.org/@rollup%2frollup-linux-riscv64-musl set size:undefined disposed:false
578 http fetch GET 200 https://registry.npmjs.org/@rollup%2frollup-darwin-x64 1069ms (cache miss)
579 silly packumentCache full:https://registry.npmjs.org/@rollup%2frollup-darwin-x64 set size:undefined disposed:false
580 http fetch GET 200 https://registry.npmjs.org/@rollup%2frollup-freebsd-arm64 2154ms (cache miss)
581 silly packumentCache full:https://registry.npmjs.org/@rollup%2frollup-freebsd-arm64 set size:undefined disposed:false
582 http fetch GET 200 https://registry.npmjs.org/@rollup%2frollup-win32-x64-gnu 1099ms (cache miss)
583 silly packumentCache full:https://registry.npmjs.org/@rollup%2frollup-win32-x64-gnu set size:undefined disposed:false
584 http fetch GET 200 https://registry.npmjs.org/@rollup%2frollup-linux-x64-gnu 953ms (cache miss)
585 silly packumentCache full:https://registry.npmjs.org/@rollup%2frollup-linux-x64-gnu set size:undefined disposed:false
586 http fetch GET 200 https://registry.npmjs.org/@rollup%2frollup-openharmony-arm64 477ms (cache miss)
587 silly packumentCache full:https://registry.npmjs.org/@rollup%2frollup-openharmony-arm64 set size:undefined disposed:false
588 http fetch GET 200 https://registry.npmjs.org/@rollup%2frollup-openbsd-x64 585ms (cache miss)
589 silly packumentCache full:https://registry.npmjs.org/@rollup%2frollup-openbsd-x64 set size:undefined disposed:false
590 http fetch GET 200 https://registry.npmjs.org/@rollup%2frollup-freebsd-x64 1174ms (cache miss)
591 silly packumentCache full:https://registry.npmjs.org/@rollup%2frollup-freebsd-x64 set size:undefined disposed:false
592 http fetch GET 200 https://registry.npmjs.org/@rollup%2frollup-linux-s390x-gnu 1433ms (cache miss)
593 silly packumentCache full:https://registry.npmjs.org/@rollup%2frollup-linux-s390x-gnu set size:undefined disposed:false
594 http fetch GET 200 https://registry.npmjs.org/@rollup%2frollup-win32-ia32-msvc 2194ms (cache miss)
595 silly packumentCache full:https://registry.npmjs.org/@rollup%2frollup-win32-ia32-msvc set size:undefined disposed:false
596 http fetch GET 200 https://registry.npmjs.org/@rollup%2frollup-linux-x64-musl 1238ms (cache miss)
597 silly packumentCache full:https://registry.npmjs.org/@rollup%2frollup-linux-x64-musl set size:undefined disposed:false
598 http fetch GET 200 https://registry.npmjs.org/@rollup%2frollup-win32-x64-msvc 1908ms (cache miss)
599 silly packumentCache full:https://registry.npmjs.org/@rollup%2frollup-win32-x64-msvc set size:undefined disposed:false
600 http fetch GET 200 https://registry.npmjs.org/@rollup%2frollup-android-arm64 3960ms (cache miss)
601 silly packumentCache full:https://registry.npmjs.org/@rollup%2frollup-android-arm64 set size:undefined disposed:false
602 http fetch GET 200 https://registry.npmjs.org/@esbuild%2ffreebsd-x64 6010ms (cache miss)
603 silly packumentCache full:https://registry.npmjs.org/@esbuild%2ffreebsd-x64 set size:undefined disposed:false
604 http fetch GET 200 https://registry.npmjs.org/@esbuild%2flinux-ia32 7538ms (cache miss)
605 silly packumentCache full:https://registry.npmjs.org/@esbuild%2flinux-ia32 set size:undefined disposed:false
606 http fetch GET 200 https://registry.npmjs.org/@esbuild%2flinux-s390x 8461ms (cache miss)
607 silly packumentCache full:https://registry.npmjs.org/@esbuild%2flinux-s390x set size:undefined disposed:false
608 http fetch GET 200 https://registry.npmjs.org/@esbuild%2flinux-x64 10185ms (cache miss)
609 silly packumentCache full:https://registry.npmjs.org/@esbuild%2flinux-x64 set size:undefined disposed:false
610 http fetch GET 200 https://registry.npmjs.org/@esbuild%2fandroid-x64 12017ms (cache miss)
611 silly packumentCache full:https://registry.npmjs.org/@esbuild%2fandroid-x64 set size:undefined disposed:false
612 silly placeDep ROOT @esbuild/aix-ppc64@0.21.5 OK for: esbuild@0.21.5 want: 0.21.5
613 silly placeDep ROOT @esbuild/android-arm@0.21.5 OK for: esbuild@0.21.5 want: 0.21.5
614 silly placeDep ROOT @esbuild/android-arm64@0.21.5 OK for: esbuild@0.21.5 want: 0.21.5
615 silly placeDep ROOT @esbuild/android-x64@0.21.5 OK for: esbuild@0.21.5 want: 0.21.5
616 silly placeDep ROOT @esbuild/darwin-arm64@0.21.5 OK for: esbuild@0.21.5 want: 0.21.5
617 silly placeDep ROOT @esbuild/darwin-x64@0.21.5 OK for: esbuild@0.21.5 want: 0.21.5
618 silly placeDep ROOT @esbuild/freebsd-arm64@0.21.5 OK for: esbuild@0.21.5 want: 0.21.5
619 silly placeDep ROOT @esbuild/freebsd-x64@0.21.5 OK for: esbuild@0.21.5 want: 0.21.5
620 silly placeDep ROOT @esbuild/linux-arm@0.21.5 OK for: esbuild@0.21.5 want: 0.21.5
621 silly placeDep ROOT @esbuild/linux-arm64@0.21.5 OK for: esbuild@0.21.5 want: 0.21.5
622 silly placeDep ROOT @esbuild/linux-ia32@0.21.5 OK for: esbuild@0.21.5 want: 0.21.5
623 silly placeDep ROOT @esbuild/linux-loong64@0.21.5 OK for: esbuild@0.21.5 want: 0.21.5
624 silly placeDep ROOT @esbuild/linux-mips64el@0.21.5 OK for: esbuild@0.21.5 want: 0.21.5
625 silly placeDep ROOT @esbuild/linux-ppc64@0.21.5 OK for: esbuild@0.21.5 want: 0.21.5
626 silly placeDep ROOT @esbuild/linux-riscv64@0.21.5 OK for: esbuild@0.21.5 want: 0.21.5
627 silly placeDep ROOT @esbuild/linux-s390x@0.21.5 OK for: esbuild@0.21.5 want: 0.21.5
628 silly placeDep ROOT @esbuild/linux-x64@0.21.5 OK for: esbuild@0.21.5 want: 0.21.5
629 silly placeDep ROOT @esbuild/netbsd-x64@0.21.5 OK for: esbuild@0.21.5 want: 0.21.5
630 silly placeDep ROOT @esbuild/openbsd-x64@0.21.5 OK for: esbuild@0.21.5 want: 0.21.5
631 silly placeDep ROOT @esbuild/sunos-x64@0.21.5 OK for: esbuild@0.21.5 want: 0.21.5
632 silly placeDep ROOT @esbuild/win32-arm64@0.21.5 OK for: esbuild@0.21.5 want: 0.21.5
633 silly placeDep ROOT @esbuild/win32-ia32@0.21.5 OK for: esbuild@0.21.5 want: 0.21.5
634 silly placeDep ROOT @esbuild/win32-x64@0.21.5 OK for: esbuild@0.21.5 want: 0.21.5
635 silly placeDep ROOT nanoid@3.3.12 OK for: postcss@8.5.15 want: ^3.3.12
636 silly placeDep ROOT source-map-js@1.2.1 OK for: postcss@8.5.15 want: ^1.2.1
637 silly placeDep ROOT @rollup/rollup-android-arm-eabi@4.62.0 OK for: rollup@4.62.0 want: 4.62.0
638 silly placeDep ROOT @rollup/rollup-android-arm64@4.62.0 OK for: rollup@4.62.0 want: 4.62.0
639 silly placeDep ROOT @rollup/rollup-darwin-arm64@4.62.0 OK for: rollup@4.62.0 want: 4.62.0
640 silly placeDep ROOT @rollup/rollup-darwin-x64@4.62.0 OK for: rollup@4.62.0 want: 4.62.0
641 silly placeDep ROOT @rollup/rollup-freebsd-arm64@4.62.0 OK for: rollup@4.62.0 want: 4.62.0
642 silly placeDep ROOT @rollup/rollup-freebsd-x64@4.62.0 OK for: rollup@4.62.0 want: 4.62.0
643 silly placeDep ROOT @rollup/rollup-linux-arm-gnueabihf@4.62.0 OK for: rollup@4.62.0 want: 4.62.0
644 silly placeDep ROOT @rollup/rollup-linux-arm-musleabihf@4.62.0 OK for: rollup@4.62.0 want: 4.62.0
645 silly placeDep ROOT @rollup/rollup-linux-arm64-gnu@4.62.0 OK for: rollup@4.62.0 want: 4.62.0
646 silly placeDep ROOT @rollup/rollup-linux-arm64-musl@4.62.0 OK for: rollup@4.62.0 want: 4.62.0
647 silly placeDep ROOT @rollup/rollup-linux-loong64-gnu@4.62.0 OK for: rollup@4.62.0 want: 4.62.0
648 silly placeDep ROOT @rollup/rollup-linux-loong64-musl@4.62.0 OK for: rollup@4.62.0 want: 4.62.0
649 silly placeDep ROOT @rollup/rollup-linux-ppc64-gnu@4.62.0 OK for: rollup@4.62.0 want: 4.62.0
650 silly placeDep ROOT @rollup/rollup-linux-ppc64-musl@4.62.0 OK for: rollup@4.62.0 want: 4.62.0
651 silly placeDep ROOT @rollup/rollup-linux-riscv64-gnu@4.62.0 OK for: rollup@4.62.0 want: 4.62.0
652 silly placeDep ROOT @rollup/rollup-linux-riscv64-musl@4.62.0 OK for: rollup@4.62.0 want: 4.62.0
653 silly placeDep ROOT @rollup/rollup-linux-s390x-gnu@4.62.0 OK for: rollup@4.62.0 want: 4.62.0
654 silly placeDep ROOT @rollup/rollup-linux-x64-gnu@4.62.0 OK for: rollup@4.62.0 want: 4.62.0
655 silly placeDep ROOT @rollup/rollup-linux-x64-musl@4.62.0 OK for: rollup@4.62.0 want: 4.62.0
656 silly placeDep ROOT @rollup/rollup-openbsd-x64@4.62.0 OK for: rollup@4.62.0 want: 4.62.0
657 silly placeDep ROOT @rollup/rollup-openharmony-arm64@4.62.0 OK for: rollup@4.62.0 want: 4.62.0
658 silly placeDep ROOT @rollup/rollup-win32-arm64-msvc@4.62.0 OK for: rollup@4.62.0 want: 4.62.0
659 silly placeDep ROOT @rollup/rollup-win32-ia32-msvc@4.62.0 OK for: rollup@4.62.0 want: 4.62.0
660 silly placeDep ROOT @rollup/rollup-win32-x64-gnu@4.62.0 OK for: rollup@4.62.0 want: 4.62.0
661 silly placeDep ROOT @rollup/rollup-win32-x64-msvc@4.62.0 OK for: rollup@4.62.0 want: 4.62.0
662 silly placeDep ROOT @types/estree@1.0.9 OK for: rollup@4.62.0 want: 1.0.9
663 silly reify moves {}
664 silly audit bulk request {
664 silly audit   '@vitejs/plugin-react': [ '4.7.0' ],
664 silly audit   vite: [ '5.4.21' ],
664 silly audit   react: [ '18.3.1' ],
664 silly audit   'react-dom': [ '18.3.1' ],
664 silly audit   'react-router-dom': [ '6.30.4' ],
664 silly audit   '@babel/core': [ '7.29.7' ],
664 silly audit   '@babel/plugin-transform-react-jsx-self': [ '7.29.7' ],
664 silly audit   '@babel/plugin-transform-react-jsx-source': [ '7.29.7' ],
664 silly audit   '@rolldown/pluginutils': [ '1.0.0-beta.27' ],
664 silly audit   '@types/babel__core': [ '7.20.5' ],
664 silly audit   'react-refresh': [ '0.17.0' ],
664 silly audit   '@babel/code-frame': [ '7.29.7' ],
664 silly audit   '@babel/generator': [ '7.29.7' ],
664 silly audit   '@babel/helper-compilation-targets': [ '7.29.7' ],
664 silly audit   '@babel/helper-module-transforms': [ '7.29.7' ],
664 silly audit   '@babel/helpers': [ '7.29.7' ],
664 silly audit   '@babel/parser': [ '7.29.7' ],
664 silly audit   '@babel/template': [ '7.29.7' ],
664 silly audit   '@babel/traverse': [ '7.29.7' ],
664 silly audit   '@babel/types': [ '7.29.7' ],
664 silly audit   '@jridgewell/remapping': [ '2.3.5' ],
664 silly audit   'convert-source-map': [ '2.0.0' ],
664 silly audit   debug: [ '4.4.3' ],
664 silly audit   gensync: [ '1.0.0-beta.2' ],
664 silly audit   json5: [ '2.2.3' ],
664 silly audit   semver: [ '6.3.1' ],
664 silly audit   '@babel/helper-validator-identifier': [ '7.29.7' ],
664 silly audit   'js-tokens': [ '4.0.0' ],
664 silly audit   picocolors: [ '1.1.1' ],
664 silly audit   '@jridgewell/gen-mapping': [ '0.3.13' ],
664 silly audit   '@jridgewell/trace-mapping': [ '0.3.31' ],
664 silly audit   jsesc: [ '3.1.0' ],
664 silly audit   '@babel/compat-data': [ '7.29.7' ],
664 silly audit   '@babel/helper-validator-option': [ '7.29.7' ],
664 silly audit   browserslist: [ '4.28.2' ],
664 silly audit   'lru-cache': [ '5.1.1' ],
664 silly audit   '@babel/helper-module-imports': [ '7.29.7' ],
664 silly audit   '@babel/helper-plugin-utils': [ '7.29.7' ],
664 silly audit   '@babel/helper-globals': [ '7.29.7' ],
664 silly audit   '@babel/helper-string-parser': [ '7.29.7' ],
664 silly audit   '@jridgewell/sourcemap-codec': [ '1.5.5' ],
664 silly audit   '@jridgewell/resolve-uri': [ '3.1.2' ],
664 silly audit   '@types/babel__generator': [ '7.27.0' ],
664 silly audit   '@types/babel__template': [ '7.4.4' ],
664 silly audit   '@types/babel__traverse': [ '7.28.0' ],
664 silly audit   'baseline-browser-mapping': [ '2.10.37' ],
664 silly audit   'caniuse-lite': [ '1.0.30001799' ],
664 silly audit   'electron-to-chromium': [ '1.5.373' ],
664 silly audit   'node-releases': [ '2.0.47' ],
664 silly audit   'update-browserslist-db': [ '1.2.3' ],
664 silly audit   ms: [ '2.1.3' ],
664 silly audit   yallist: [ '3.1.1' ],
664 silly audit   'loose-envify': [ '1.4.0' ],
664 silly audit   scheduler: [ '0.23.2' ],
664 silly audit   '@remix-run/router': [ '1.23.3' ],
664 silly audit   'react-router': [ '6.30.4' ],
664 silly audit   escalade: [ '3.2.0' ],
664 silly audit   esbuild: [ '0.21.5' ],
664 silly audit   fsevents: [ '2.3.3' ],
664 silly audit   postcss: [ '8.5.15' ],
664 silly audit   rollup: [ '4.62.0' ],
664 silly audit   '@esbuild/aix-ppc64': [ '0.21.5' ],
664 silly audit   '@esbuild/android-arm': [ '0.21.5' ],
664 silly audit   '@esbuild/android-arm64': [ '0.21.5' ],
664 silly audit   '@esbuild/android-x64': [ '0.21.5' ],
664 silly audit   '@esbuild/darwin-arm64': [ '0.21.5' ],
664 silly audit   '@esbuild/darwin-x64': [ '0.21.5' ],
664 silly audit   '@esbuild/freebsd-arm64': [ '0.21.5' ],
664 silly audit   '@esbuild/freebsd-x64': [ '0.21.5' ],
664 silly audit   '@esbuild/linux-arm': [ '0.21.5' ],
664 silly audit   '@esbuild/linux-arm64': [ '0.21.5' ],
664 silly audit   '@esbuild/linux-ia32': [ '0.21.5' ],
664 silly audit   '@esbuild/linux-loong64': [ '0.21.5' ],
664 silly audit   '@esbuild/linux-mips64el': [ '0.21.5' ],
664 silly audit   '@esbuild/linux-ppc64': [ '0.21.5' ],
664 silly audit   '@esbuild/linux-riscv64': [ '0.21.5' ],
664 silly audit   '@esbuild/linux-s390x': [ '0.21.5' ],
664 silly audit   '@esbuild/linux-x64': [ '0.21.5' ],
664 silly audit   '@esbuild/netbsd-x64': [ '0.21.5' ],
664 silly audit   '@esbuild/openbsd-x64': [ '0.21.5' ],
664 silly audit   '@esbuild/sunos-x64': [ '0.21.5' ],
664 silly audit   '@esbuild/win32-arm64': [ '0.21.5' ],
664 silly audit   '@esbuild/win32-ia32': [ '0.21.5' ],
664 silly audit   '@esbuild/win32-x64': [ '0.21.5' ],
664 silly audit   nanoid: [ '3.3.12' ],
664 silly audit   'source-map-js': [ '1.2.1' ],
664 silly audit   '@rollup/rollup-android-arm-eabi': [ '4.62.0' ],
664 silly audit   '@rollup/rollup-android-arm64': [ '4.62.0' ],
664 silly audit   '@rollup/rollup-darwin-arm64': [ '4.62.0' ],
664 silly audit   '@rollup/rollup-darwin-x64': [ '4.62.0' ],
664 silly audit   '@rollup/rollup-freebsd-arm64': [ '4.62.0' ],
664 silly audit   '@rollup/rollup-freebsd-x64': [ '4.62.0' ],
664 silly audit   '@rollup/rollup-linux-arm-gnueabihf': [ '4.62.0' ],
664 silly audit   '@rollup/rollup-linux-arm-musleabihf': [ '4.62.0' ],
664 silly audit   '@rollup/rollup-linux-arm64-gnu': [ '4.62.0' ],
664 silly audit   '@rollup/rollup-linux-arm64-musl': [ '4.62.0' ],
664 silly audit   '@rollup/rollup-linux-loong64-gnu': [ '4.62.0' ],
664 silly audit   '@rollup/rollup-linux-loong64-musl': [ '4.62.0' ],
664 silly audit   '@rollup/rollup-linux-ppc64-gnu': [ '4.62.0' ],
664 silly audit   '@rollup/rollup-linux-ppc64-musl': [ '4.62.0' ],
664 silly audit   '@rollup/rollup-linux-riscv64-gnu': [ '4.62.0' ],
664 silly audit   '@rollup/rollup-linux-riscv64-musl': [ '4.62.0' ],
664 silly audit   '@rollup/rollup-linux-s390x-gnu': [ '4.62.0' ],
664 silly audit   '@rollup/rollup-linux-x64-gnu': [ '4.62.0' ],
664 silly audit   '@rollup/rollup-linux-x64-musl': [ '4.62.0' ],
664 silly audit   '@rollup/rollup-openbsd-x64': [ '4.62.0' ],
664 silly audit   '@rollup/rollup-openharmony-arm64': [ '4.62.0' ],
664 silly audit   '@rollup/rollup-win32-arm64-msvc': [ '4.62.0' ],
664 silly audit   '@rollup/rollup-win32-ia32-msvc': [ '4.62.0' ],
664 silly audit   '@rollup/rollup-win32-x64-gnu': [ '4.62.0' ],
664 silly audit   '@rollup/rollup-win32-x64-msvc': [ '4.62.0' ],
664 silly audit   '@types/estree': [ '1.0.9' ]
664 silly audit }
665 http cache @types/estree@https://registry.npmjs.org/@types/estree/-/estree-1.0.9.tgz 0ms (cache hit)
666 http cache @rollup/rollup-win32-x64-msvc@https://registry.npmjs.org/@rollup/rollup-win32-x64-msvc/-/rollup-win32-x64-msvc-4.62.0.tgz 0ms (cache hit)
667 http cache @rollup/rollup-win32-x64-gnu@https://registry.npmjs.org/@rollup/rollup-win32-x64-gnu/-/rollup-win32-x64-gnu-4.62.0.tgz 0ms (cache hit)
668 http cache @esbuild/win32-x64@https://registry.npmjs.org/@esbuild/win32-x64/-/win32-x64-0.21.5.tgz 0ms (cache hit)
669 http cache yallist@https://registry.npmjs.org/yallist/-/yallist-3.1.1.tgz 0ms (cache hit)
670 http cache ms@https://registry.npmjs.org/ms/-/ms-2.1.3.tgz 0ms (cache hit)
671 http cache @types/babel__template@https://registry.npmjs.org/@types/babel__template/-/babel__template-7.4.4.tgz 0ms (cache hit)
672 http cache electron-to-chromium@https://registry.npmjs.org/electron-to-chromium/-/electron-to-chromium-1.5.373.tgz 0ms (cache hit)
673 http cache @types/babel__traverse@https://registry.npmjs.org/@types/babel__traverse/-/babel__traverse-7.28.0.tgz 0ms (cache hit)
674 http cache @types/babel__generator@https://registry.npmjs.org/@types/babel__generator/-/babel__generator-7.27.0.tgz 0ms (cache hit)
675 http cache lru-cache@https://registry.npmjs.org/lru-cache/-/lru-cache-5.1.1.tgz 0ms (cache hit)
676 http cache picocolors@https://registry.npmjs.org/picocolors/-/picocolors-1.1.1.tgz 1ms (cache hit)
677 http cache js-tokens@https://registry.npmjs.org/js-tokens/-/js-tokens-4.0.0.tgz 0ms (cache hit)
678 http cache convert-source-map@https://registry.npmjs.org/convert-source-map/-/convert-source-map-2.0.0.tgz 0ms (cache hit)
679 http cache @types/babel__core@https://registry.npmjs.org/@types/babel__core/-/babel__core-7.20.5.tgz 0ms (cache hit)
680 silly tarball no local data for @types/estree@https://registry.npmjs.org/@types/estree/-/estree-1.0.9.tgz. Extracting by manifest.
681 silly tarball no local data for @rollup/rollup-win32-x64-msvc@https://registry.npmjs.org/@rollup/rollup-win32-x64-msvc/-/rollup-win32-x64-msvc-4.62.0.tgz. Extracting by manifest.
682 silly tarball no local data for @rollup/rollup-win32-x64-gnu@https://registry.npmjs.org/@rollup/rollup-win32-x64-gnu/-/rollup-win32-x64-gnu-4.62.0.tgz. Extracting by manifest.
683 silly tarball no local data for @esbuild/win32-x64@https://registry.npmjs.org/@esbuild/win32-x64/-/win32-x64-0.21.5.tgz. Extracting by manifest.
684 silly tarball no local data for yallist@https://registry.npmjs.org/yallist/-/yallist-3.1.1.tgz. Extracting by manifest.
685 http cache loose-envify@https://registry.npmjs.org/loose-envify/-/loose-envify-1.4.0.tgz 0ms (cache hit)
686 silly tarball no local data for ms@https://registry.npmjs.org/ms/-/ms-2.1.3.tgz. Extracting by manifest.
687 silly tarball no local data for electron-to-chromium@https://registry.npmjs.org/electron-to-chromium/-/electron-to-chromium-1.5.373.tgz. Extracting by manifest.
688 silly tarball no local data for @types/babel__template@https://registry.npmjs.org/@types/babel__template/-/babel__template-7.4.4.tgz. Extracting by manifest.
689 http cache update-browserslist-db@https://registry.npmjs.org/update-browserslist-db/-/update-browserslist-db-1.2.3.tgz 0ms (cache hit)
690 silly tarball no local data for @types/babel__traverse@https://registry.npmjs.org/@types/babel__traverse/-/babel__traverse-7.28.0.tgz. Extracting by manifest.
691 silly tarball no local data for @types/babel__generator@https://registry.npmjs.org/@types/babel__generator/-/babel__generator-7.27.0.tgz. Extracting by manifest.
692 silly tarball no local data for lru-cache@https://registry.npmjs.org/lru-cache/-/lru-cache-5.1.1.tgz. Extracting by manifest.
693 http cache browserslist@https://registry.npmjs.org/browserslist/-/browserslist-4.28.2.tgz 0ms (cache hit)
694 silly tarball no local data for picocolors@https://registry.npmjs.org/picocolors/-/picocolors-1.1.1.tgz. Extracting by manifest.
695 silly tarball no local data for js-tokens@https://registry.npmjs.org/js-tokens/-/js-tokens-4.0.0.tgz. Extracting by manifest.
696 silly tarball no local data for convert-source-map@https://registry.npmjs.org/convert-source-map/-/convert-source-map-2.0.0.tgz. Extracting by manifest.
697 silly tarball no local data for @types/babel__core@https://registry.npmjs.org/@types/babel__core/-/babel__core-7.20.5.tgz. Extracting by manifest.
698 silly tarball no local data for loose-envify@https://registry.npmjs.org/loose-envify/-/loose-envify-1.4.0.tgz. Extracting by manifest.
699 silly tarball no local data for update-browserslist-db@https://registry.npmjs.org/update-browserslist-db/-/update-browserslist-db-1.2.3.tgz. Extracting by manifest.
700 silly tarball no local data for browserslist@https://registry.npmjs.org/browserslist/-/browserslist-4.28.2.tgz. Extracting by manifest.
701 http cache source-map-js@https://registry.npmjs.org/source-map-js/-/source-map-js-1.2.1.tgz 0ms (cache hit)
702 http cache postcss@https://registry.npmjs.org/postcss/-/postcss-8.5.15.tgz 0ms (cache hit)
703 http cache @remix-run/router@https://registry.npmjs.org/@remix-run/router/-/router-1.23.3.tgz 0ms (cache hit)
704 http cache scheduler@https://registry.npmjs.org/scheduler/-/scheduler-0.23.2.tgz 0ms (cache hit)
705 http cache escalade@https://registry.npmjs.org/escalade/-/escalade-3.2.0.tgz 0ms (cache hit)
706 http cache @babel/helper-string-parser@https://registry.npmjs.org/@babel/helper-string-parser/-/helper-string-parser-7.29.7.tgz 0ms (cache hit)
707 http cache @jridgewell/sourcemap-codec@https://registry.npmjs.org/@jridgewell/sourcemap-codec/-/sourcemap-codec-1.5.5.tgz 0ms (cache hit)
708 http cache @babel/helper-plugin-utils@https://registry.npmjs.org/@babel/helper-plugin-utils/-/helper-plugin-utils-7.29.7.tgz 0ms (cache hit)
709 http cache @babel/compat-data@https://registry.npmjs.org/@babel/compat-data/-/compat-data-7.29.7.tgz 0ms (cache hit)
710 http cache @babel/helper-globals@https://registry.npmjs.org/@babel/helper-globals/-/helper-globals-7.29.7.tgz 0ms (cache hit)
711 http cache @babel/helper-validator-option@https://registry.npmjs.org/@babel/helper-validator-option/-/helper-validator-option-7.29.7.tgz 0ms (cache hit)
712 http cache @jridgewell/trace-mapping@https://registry.npmjs.org/@jridgewell/trace-mapping/-/trace-mapping-0.3.31.tgz 0ms (cache hit)
713 http cache @babel/helper-module-imports@https://registry.npmjs.org/@babel/helper-module-imports/-/helper-module-imports-7.29.7.tgz 0ms (cache hit)
714 http cache @babel/helper-validator-identifier@https://registry.npmjs.org/@babel/helper-validator-identifier/-/helper-validator-identifier-7.29.7.tgz 0ms (cache hit)
715 http cache gensync@https://registry.npmjs.org/gensync/-/gensync-1.0.0-beta.2.tgz 0ms (cache hit)
716 http cache debug@https://registry.npmjs.org/debug/-/debug-4.4.3.tgz 0ms (cache hit)
717 http cache @babel/template@https://registry.npmjs.org/@babel/template/-/template-7.29.7.tgz 0ms (cache hit)
718 http cache @babel/helper-module-transforms@https://registry.npmjs.org/@babel/helper-module-transforms/-/helper-module-transforms-7.29.7.tgz 1ms (cache hit)
719 http cache @jridgewell/remapping@https://registry.npmjs.org/@jridgewell/remapping/-/remapping-2.3.5.tgz 0ms (cache hit)
720 http cache react-refresh@https://registry.npmjs.org/react-refresh/-/react-refresh-0.17.0.tgz 0ms (cache hit)
721 http cache @babel/plugin-transform-react-jsx-self@https://registry.npmjs.org/@babel/plugin-transform-react-jsx-self/-/plugin-transform-react-jsx-self-7.29.7.tgz 0ms (cache hit)
722 http cache @babel/helper-compilation-targets@https://registry.npmjs.org/@babel/helper-compilation-targets/-/helper-compilation-targets-7.29.7.tgz 0ms (cache hit)
723 http cache @babel/code-frame@https://registry.npmjs.org/@babel/code-frame/-/code-frame-7.29.7.tgz 0ms (cache hit)
724 http cache @babel/plugin-transform-react-jsx-source@https://registry.npmjs.org/@babel/plugin-transform-react-jsx-source/-/plugin-transform-react-jsx-source-7.29.7.tgz 0ms (cache hit)
725 http cache @rolldown/pluginutils@https://registry.npmjs.org/@rolldown/pluginutils/-/pluginutils-1.0.0-beta.27.tgz 0ms (cache hit)
726 http cache react-dom@https://registry.npmjs.org/react-dom/-/react-dom-18.3.1.tgz 0ms (cache hit)
727 silly tarball no local data for source-map-js@https://registry.npmjs.org/source-map-js/-/source-map-js-1.2.1.tgz. Extracting by manifest.
728 http cache react@https://registry.npmjs.org/react/-/react-18.3.1.tgz 0ms (cache hit)
729 http cache @vitejs/plugin-react@https://registry.npmjs.org/@vitejs/plugin-react/-/plugin-react-4.7.0.tgz 0ms (cache hit)
730 silly tarball no local data for postcss@https://registry.npmjs.org/postcss/-/postcss-8.5.15.tgz. Extracting by manifest.
731 http cache nanoid@https://registry.npmjs.org/nanoid/-/nanoid-3.3.12.tgz 0ms (cache hit)
732 silly tarball no local data for @remix-run/router@https://registry.npmjs.org/@remix-run/router/-/router-1.23.3.tgz. Extracting by manifest.
733 silly tarball no local data for scheduler@https://registry.npmjs.org/scheduler/-/scheduler-0.23.2.tgz. Extracting by manifest.
734 silly tarball no local data for escalade@https://registry.npmjs.org/escalade/-/escalade-3.2.0.tgz. Extracting by manifest.
735 http cache esbuild@https://registry.npmjs.org/esbuild/-/esbuild-0.21.5.tgz 0ms (cache hit)
736 silly tarball no local data for @babel/helper-string-parser@https://registry.npmjs.org/@babel/helper-string-parser/-/helper-string-parser-7.29.7.tgz. Extracting by manifest.
737 silly tarball no local data for @jridgewell/sourcemap-codec@https://registry.npmjs.org/@jridgewell/sourcemap-codec/-/sourcemap-codec-1.5.5.tgz. Extracting by manifest.
738 silly tarball no local data for @babel/helper-plugin-utils@https://registry.npmjs.org/@babel/helper-plugin-utils/-/helper-plugin-utils-7.29.7.tgz. Extracting by manifest.
739 http cache baseline-browser-mapping@https://registry.npmjs.org/baseline-browser-mapping/-/baseline-browser-mapping-2.10.37.tgz 0ms (cache hit)
740 silly tarball no local data for @babel/compat-data@https://registry.npmjs.org/@babel/compat-data/-/compat-data-7.29.7.tgz. Extracting by manifest.
741 silly tarball no local data for @babel/helper-validator-option@https://registry.npmjs.org/@babel/helper-validator-option/-/helper-validator-option-7.29.7.tgz. Extracting by manifest.
742 silly tarball no local data for @jridgewell/trace-mapping@https://registry.npmjs.org/@jridgewell/trace-mapping/-/trace-mapping-0.3.31.tgz. Extracting by manifest.
743 silly tarball no local data for @babel/helper-globals@https://registry.npmjs.org/@babel/helper-globals/-/helper-globals-7.29.7.tgz. Extracting by manifest.
744 silly tarball no local data for @babel/helper-validator-identifier@https://registry.npmjs.org/@babel/helper-validator-identifier/-/helper-validator-identifier-7.29.7.tgz. Extracting by manifest.
745 silly tarball no local data for @babel/helper-module-imports@https://registry.npmjs.org/@babel/helper-module-imports/-/helper-module-imports-7.29.7.tgz. Extracting by manifest.
746 silly tarball no local data for gensync@https://registry.npmjs.org/gensync/-/gensync-1.0.0-beta.2.tgz. Extracting by manifest.
747 silly tarball no local data for debug@https://registry.npmjs.org/debug/-/debug-4.4.3.tgz. Extracting by manifest.
748 http cache semver@https://registry.npmjs.org/semver/-/semver-6.3.1.tgz 0ms (cache hit)
749 http cache jsesc@https://registry.npmjs.org/jsesc/-/jsesc-3.1.0.tgz 0ms (cache hit)
750 http cache json5@https://registry.npmjs.org/json5/-/json5-2.2.3.tgz 0ms (cache hit)
751 silly tarball no local data for @babel/template@https://registry.npmjs.org/@babel/template/-/template-7.29.7.tgz. Extracting by manifest.
752 silly tarball no local data for @babel/helper-module-transforms@https://registry.npmjs.org/@babel/helper-module-transforms/-/helper-module-transforms-7.29.7.tgz. Extracting by manifest.
753 silly tarball no local data for @jridgewell/remapping@https://registry.npmjs.org/@jridgewell/remapping/-/remapping-2.3.5.tgz. Extracting by manifest.
754 silly tarball no local data for react-refresh@https://registry.npmjs.org/react-refresh/-/react-refresh-0.17.0.tgz. Extracting by manifest.
755 http cache @babel/parser@https://registry.npmjs.org/@babel/parser/-/parser-7.29.7.tgz 0ms (cache hit)
756 silly tarball no local data for @babel/plugin-transform-react-jsx-self@https://registry.npmjs.org/@babel/plugin-transform-react-jsx-self/-/plugin-transform-react-jsx-self-7.29.7.tgz. Extracting by manifest.
757 silly tarball no local data for @babel/helper-compilation-targets@https://registry.npmjs.org/@babel/helper-compilation-targets/-/helper-compilation-targets-7.29.7.tgz. Extracting by manifest.
758 silly tarball no local data for @babel/plugin-transform-react-jsx-source@https://registry.npmjs.org/@babel/plugin-transform-react-jsx-source/-/plugin-transform-react-jsx-source-7.29.7.tgz. Extracting by manifest.
759 silly tarball no local data for @babel/code-frame@https://registry.npmjs.org/@babel/code-frame/-/code-frame-7.29.7.tgz. Extracting by manifest.
760 silly tarball no local data for @rolldown/pluginutils@https://registry.npmjs.org/@rolldown/pluginutils/-/pluginutils-1.0.0-beta.27.tgz. Extracting by manifest.
761 silly tarball no local data for react-dom@https://registry.npmjs.org/react-dom/-/react-dom-18.3.1.tgz. Extracting by manifest.
762 silly tarball no local data for react@https://registry.npmjs.org/react/-/react-18.3.1.tgz. Extracting by manifest.
763 silly tarball no local data for @vitejs/plugin-react@https://registry.npmjs.org/@vitejs/plugin-react/-/plugin-react-4.7.0.tgz. Extracting by manifest.
764 silly tarball no local data for nanoid@https://registry.npmjs.org/nanoid/-/nanoid-3.3.12.tgz. Extracting by manifest.
765 silly tarball no local data for esbuild@https://registry.npmjs.org/esbuild/-/esbuild-0.21.5.tgz. Extracting by manifest.
766 http fetch POST 200 https://registry.npmjs.org/-/npm/v1/security/advisories/bulk 744ms
767 silly audit report {
767 silly audit report   vite: [
767 silly audit report     {
767 silly audit report       id: 1120784,
767 silly audit report       url: 'https://github.com/advisories/GHSA-v6wh-96g9-6wx3',
767 silly audit report       title: 'launch-editor: NTLMv2 hash disclosure via UNC path handling on Windows',
767 silly audit report       severity: 'moderate',
767 silly audit report       vulnerable_versions: '<=6.4.2',
767 silly audit report       cwe: [Array],
767 silly audit report       cvss: [Object]
767 silly audit report     },
767 silly audit report     {
767 silly audit report       id: 1120789,
767 silly audit report       url: 'https://github.com/advisories/GHSA-fx2h-pf6j-xcff',
767 silly audit report       title: 'vite: `server.fs.deny` bypass on Windows alternate paths',
767 silly audit report       severity: 'high',
767 silly audit report       vulnerable_versions: '<=6.4.2',
767 silly audit report       cwe: [Array],
767 silly audit report       cvss: [Object]
767 silly audit report     },
767 silly audit report     {
767 silly audit report       id: 1116229,
767 silly audit report       url: 'https://github.com/advisories/GHSA-4w7w-66w2-5vf9',
767 silly audit report       title: 'Vite Vulnerable to Path Traversal in Optimized Deps `.map` Handling',
767 silly audit report       severity: 'moderate',
767 silly audit report       vulnerable_versions: '<=6.4.1',
767 silly audit report       cwe: [Array],
767 silly audit report       cvss: [Object]
767 silly audit report     }
767 silly audit report   ],
767 silly audit report   esbuild: [
767 silly audit report     {
767 silly audit report       id: 1102341,
767 silly audit report       url: 'https://github.com/advisories/GHSA-67mh-4wv8-2f99',
767 silly audit report       title: 'esbuild enables any website to send any requests to the development server and read the response',
767 silly audit report       severity: 'moderate',
767 silly audit report       vulnerable_versions: '<=0.24.2',
767 silly audit report       cwe: [Array],
767 silly audit report       cvss: [Object]
767 silly audit report     },
767 silly audit report     {
767 silly audit report       id: 1120679,
767 silly audit report       url: 'https://github.com/advisories/GHSA-gv7w-rqvm-qjhr',
767 silly audit report       title: 'esbuild: Missing binary integrity verification in Deno module enables remote code execution via NPM_CONFIG_REGISTRY',
767 silly audit report       severity: 'high',
767 silly audit report       vulnerable_versions: '>=0.17.0 <0.28.1',
767 silly audit report       cwe: [Array],
767 silly audit report       cvss: [Object]
767 silly audit report     }
767 silly audit report   ]
767 silly audit report }
768 silly packumentCache corgi:https://registry.npmjs.org/vite cache-miss
769 silly packumentCache corgi:https://registry.npmjs.org/esbuild cache-miss
770 silly tarball no local data for baseline-browser-mapping@https://registry.npmjs.org/baseline-browser-mapping/-/baseline-browser-mapping-2.10.37.tgz. Extracting by manifest.
771 silly tarball no local data for semver@https://registry.npmjs.org/semver/-/semver-6.3.1.tgz. Extracting by manifest.
772 silly tarball no local data for jsesc@https://registry.npmjs.org/jsesc/-/jsesc-3.1.0.tgz. Extracting by manifest.
773 silly tarball no local data for json5@https://registry.npmjs.org/json5/-/json5-2.2.3.tgz. Extracting by manifest.
774 silly tarball no local data for @babel/parser@https://registry.npmjs.org/@babel/parser/-/parser-7.29.7.tgz. Extracting by manifest.
775 http cache node-releases@https://registry.npmjs.org/node-releases/-/node-releases-2.0.47.tgz 0ms (cache hit)
776 http cache react-router@https://registry.npmjs.org/react-router/-/react-router-6.30.4.tgz 0ms (cache hit)
777 http cache @jridgewell/resolve-uri@https://registry.npmjs.org/@jridgewell/resolve-uri/-/resolve-uri-3.1.2.tgz 0ms (cache hit)
778 http cache caniuse-lite@https://registry.npmjs.org/caniuse-lite/-/caniuse-lite-1.0.30001799.tgz 0ms (cache hit)
779 http cache @jridgewell/gen-mapping@https://registry.npmjs.org/@jridgewell/gen-mapping/-/gen-mapping-0.3.13.tgz 0ms (cache hit)
780 http cache @babel/helpers@https://registry.npmjs.org/@babel/helpers/-/helpers-7.29.7.tgz 0ms (cache hit)
781 http cache @babel/generator@https://registry.npmjs.org/@babel/generator/-/generator-7.29.7.tgz 0ms (cache hit)
782 http cache react-router-dom@https://registry.npmjs.org/react-router-dom/-/react-router-dom-6.30.4.tgz 0ms (cache hit)
783 silly tarball no local data for node-releases@https://registry.npmjs.org/node-releases/-/node-releases-2.0.47.tgz. Extracting by manifest.
784 silly tarball no local data for react-router@https://registry.npmjs.org/react-router/-/react-router-6.30.4.tgz. Extracting by manifest.
785 silly tarball no local data for @jridgewell/resolve-uri@https://registry.npmjs.org/@jridgewell/resolve-uri/-/resolve-uri-3.1.2.tgz. Extracting by manifest.
786 silly tarball no local data for caniuse-lite@https://registry.npmjs.org/caniuse-lite/-/caniuse-lite-1.0.30001799.tgz. Extracting by manifest.
787 silly tarball no local data for @jridgewell/gen-mapping@https://registry.npmjs.org/@jridgewell/gen-mapping/-/gen-mapping-0.3.13.tgz. Extracting by manifest.
788 silly tarball no local data for @babel/helpers@https://registry.npmjs.org/@babel/helpers/-/helpers-7.29.7.tgz. Extracting by manifest.
789 silly tarball no local data for @babel/generator@https://registry.npmjs.org/@babel/generator/-/generator-7.29.7.tgz. Extracting by manifest.
790 silly tarball no local data for react-router-dom@https://registry.npmjs.org/react-router-dom/-/react-router-dom-6.30.4.tgz. Extracting by manifest.
791 http cache @babel/types@https://registry.npmjs.org/@babel/types/-/types-7.29.7.tgz 0ms (cache hit)
792 http cache @babel/traverse@https://registry.npmjs.org/@babel/traverse/-/traverse-7.29.7.tgz 0ms (cache hit)
793 http cache rollup@https://registry.npmjs.org/rollup/-/rollup-4.62.0.tgz 0ms (cache hit)
794 http cache @babel/core@https://registry.npmjs.org/@babel/core/-/core-7.29.7.tgz 1ms (cache hit)
795 silly tarball no local data for @babel/types@https://registry.npmjs.org/@babel/types/-/types-7.29.7.tgz. Extracting by manifest.
796 silly tarball no local data for @babel/traverse@https://registry.npmjs.org/@babel/traverse/-/traverse-7.29.7.tgz. Extracting by manifest.
797 silly tarball no local data for rollup@https://registry.npmjs.org/rollup/-/rollup-4.62.0.tgz. Extracting by manifest.
798 http cache vite@https://registry.npmjs.org/vite/-/vite-5.4.21.tgz 0ms (cache hit)
799 silly tarball no local data for @babel/core@https://registry.npmjs.org/@babel/core/-/core-7.29.7.tgz. Extracting by manifest.
800 silly tarball no local data for vite@https://registry.npmjs.org/vite/-/vite-5.4.21.tgz. Extracting by manifest.
801 http fetch GET 200 https://registry.npmjs.org/@types/estree/-/estree-1.0.9.tgz 768ms (cache miss)
802 http fetch GET 200 https://registry.npmjs.org/convert-source-map/-/convert-source-map-2.0.0.tgz 715ms (cache miss)
803 http fetch GET 200 https://registry.npmjs.org/@types/babel__generator/-/babel__generator-7.27.0.tgz 745ms (cache miss)
804 http fetch GET 200 https://registry.npmjs.org/yallist/-/yallist-3.1.1.tgz 763ms (cache miss)
805 http fetch GET 200 https://registry.npmjs.org/@types/babel__template/-/babel__template-7.4.4.tgz 755ms (cache miss)
806 http fetch GET 200 https://registry.npmjs.org/ms/-/ms-2.1.3.tgz 762ms (cache miss)
807 http fetch GET 200 https://registry.npmjs.org/js-tokens/-/js-tokens-4.0.0.tgz 729ms (cache miss)
808 http fetch GET 200 https://registry.npmjs.org/@types/babel__core/-/babel__core-7.20.5.tgz 696ms (cache miss)
809 http fetch GET 200 https://registry.npmjs.org/loose-envify/-/loose-envify-1.4.0.tgz 664ms (cache miss)
810 http fetch GET 200 https://registry.npmjs.org/browserslist/-/browserslist-4.28.2.tgz 657ms (cache miss)
811 http fetch GET 200 https://registry.npmjs.org/electron-to-chromium/-/electron-to-chromium-1.5.373.tgz 1077ms (cache miss)
812 http fetch GET 200 https://registry.npmjs.org/scheduler/-/scheduler-0.23.2.tgz 591ms (cache miss)
813 http fetch GET 200 https://registry.npmjs.org/@babel/helper-plugin-utils/-/helper-plugin-utils-7.29.7.tgz 598ms (cache miss)
814 http fetch GET 200 https://registry.npmjs.org/@babel/compat-data/-/compat-data-7.29.7.tgz 603ms (cache miss)
815 http fetch GET 200 https://registry.npmjs.org/update-browserslist-db/-/update-browserslist-db-1.2.3.tgz 1021ms (cache miss)
816 http fetch GET 200 https://registry.npmjs.org/@babel/helper-validator-option/-/helper-validator-option-7.29.7.tgz 651ms (cache miss)
817 http fetch GET 200 https://registry.npmjs.org/@types/babel__traverse/-/babel__traverse-7.28.0.tgz 1317ms (cache miss)
818 http fetch GET 200 https://registry.npmjs.org/escalade/-/escalade-3.2.0.tgz 824ms (cache miss)
819 http fetch GET 200 https://registry.npmjs.org/@jridgewell/sourcemap-codec/-/sourcemap-codec-1.5.5.tgz 824ms (cache miss)
820 http fetch GET 200 https://registry.npmjs.org/lru-cache/-/lru-cache-5.1.1.tgz 1329ms (cache miss)
821 http fetch GET 200 https://registry.npmjs.org/@babel/helper-validator-identifier/-/helper-validator-identifier-7.29.7.tgz 814ms (cache miss)
822 http fetch GET 200 https://registry.npmjs.org/@babel/helper-globals/-/helper-globals-7.29.7.tgz 1492ms (cache miss)
823 http fetch GET 200 https://registry.npmjs.org/@jridgewell/remapping/-/remapping-2.3.5.tgz 1593ms (cache miss)
824 http fetch GET 200 https://registry.npmjs.org/react-refresh/-/react-refresh-0.17.0.tgz 1602ms (cache miss)
825 http fetch GET 200 https://registry.npmjs.org/@babel/plugin-transform-react-jsx-self/-/plugin-transform-react-jsx-self-7.29.7.tgz 1611ms (cache miss)
826 http fetch GET 200 https://registry.npmjs.org/debug/-/debug-4.4.3.tgz 1656ms (cache miss)
827 http fetch GET 200 https://registry.npmjs.org/@babel/plugin-transform-react-jsx-source/-/plugin-transform-react-jsx-source-7.29.7.tgz 1677ms (cache miss)
828 http fetch GET 200 https://registry.npmjs.org/@babel/helper-module-imports/-/helper-module-imports-7.29.7.tgz 1694ms (cache miss)
829 http fetch GET 200 https://registry.npmjs.org/@rolldown/pluginutils/-/pluginutils-1.0.0-beta.27.tgz 1690ms (cache miss)
830 http fetch GET 200 https://registry.npmjs.org/@babel/code-frame/-/code-frame-7.29.7.tgz 1703ms (cache miss)
831 http fetch GET 200 https://registry.npmjs.org/gensync/-/gensync-1.0.0-beta.2.tgz 1763ms (cache miss)
832 http fetch GET 200 https://registry.npmjs.org/nanoid/-/nanoid-3.3.12.tgz 1766ms (cache miss)
833 http fetch GET 200 https://registry.npmjs.org/postcss/-/postcss-8.5.15.tgz 1821ms (cache miss)
834 http fetch GET 200 https://registry.npmjs.org/@babel/helper-compilation-targets/-/helper-compilation-targets-7.29.7.tgz 1840ms (cache miss)
835 http fetch GET 200 https://registry.npmjs.org/source-map-js/-/source-map-js-1.2.1.tgz 1886ms (cache miss)
836 http fetch GET 200 https://registry.npmjs.org/@vitejs/plugin-react/-/plugin-react-4.7.0.tgz 1869ms (cache miss)
837 http fetch GET 200 https://registry.npmjs.org/jsesc/-/jsesc-3.1.0.tgz 1937ms (cache miss)
838 http fetch GET 200 https://registry.npmjs.org/semver/-/semver-6.3.1.tgz 2036ms (cache miss)
839 http fetch GET 200 https://registry.npmjs.org/@jridgewell/trace-mapping/-/trace-mapping-0.3.31.tgz 2104ms (cache miss)
840 http fetch GET 200 https://registry.npmjs.org/baseline-browser-mapping/-/baseline-browser-mapping-2.10.37.tgz 2098ms (cache miss)
841 http fetch GET 200 https://registry.npmjs.org/react/-/react-18.3.1.tgz 2568ms (cache miss)
842 http fetch GET 200 https://registry.npmjs.org/@jridgewell/resolve-uri/-/resolve-uri-3.1.2.tgz 2565ms (cache miss)
843 http fetch GET 200 https://registry.npmjs.org/json5/-/json5-2.2.3.tgz 3116ms (cache miss)
844 http fetch GET 200 https://registry.npmjs.org/node-releases/-/node-releases-2.0.47.tgz 3841ms (cache miss)
845 http fetch GET 200 https://registry.npmjs.org/esbuild/-/esbuild-0.21.5.tgz 4636ms (cache miss)
846 http fetch GET 200 https://registry.npmjs.org/react-router/-/react-router-6.30.4.tgz 4680ms (cache miss)
847 http fetch GET 200 https://registry.npmjs.org/@babel/template/-/template-7.29.7.tgz 4827ms (cache miss)
848 http fetch GET 200 https://registry.npmjs.org/react-router-dom/-/react-router-dom-6.30.4.tgz 5754ms (cache miss)
849 http fetch GET 200 https://registry.npmjs.org/picocolors/-/picocolors-1.1.1.tgz 7004ms (cache miss)
850 http fetch GET 200 https://registry.npmjs.org/@babel/traverse/-/traverse-7.29.7.tgz 6448ms (cache miss)
851 http fetch GET 200 https://registry.npmjs.org/@babel/helper-string-parser/-/helper-string-parser-7.29.7.tgz 6791ms (cache miss)
852 http fetch GET 200 https://registry.npmjs.org/@babel/core/-/core-7.29.7.tgz 7116ms (cache miss)
853 http fetch GET 200 https://registry.npmjs.org/@jridgewell/gen-mapping/-/gen-mapping-0.3.13.tgz 7614ms (cache miss)
854 http fetch GET 200 https://registry.npmjs.org/@babel/helpers/-/helpers-7.29.7.tgz 7780ms (cache miss)
855 http fetch GET 200 https://registry.npmjs.org/@babel/parser/-/parser-7.29.7.tgz 10452ms (cache miss)
856 http fetch GET 200 https://registry.npmjs.org/caniuse-lite/-/caniuse-lite-1.0.30001799.tgz 10455ms (cache miss)
857 http fetch GET 200 https://registry.npmjs.org/@babel/generator/-/generator-7.29.7.tgz 10844ms (cache miss)
858 http fetch GET 200 https://registry.npmjs.org/esbuild 10960ms (cache miss)
859 silly packumentCache corgi:https://registry.npmjs.org/esbuild set size:undefined disposed:false
860 http fetch GET 200 https://registry.npmjs.org/@babel/helper-module-transforms/-/helper-module-transforms-7.29.7.tgz 12925ms (cache miss)
861 http fetch GET 200 https://registry.npmjs.org/@rollup/rollup-win32-x64-gnu/-/rollup-win32-x64-gnu-4.62.0.tgz 13491ms (cache miss)
862 http fetch GET 200 https://registry.npmjs.org/rollup/-/rollup-4.62.0.tgz 14098ms (cache miss)
863 http fetch GET 200 https://registry.npmjs.org/vite/-/vite-5.4.21.tgz 17639ms (cache miss)
864 http fetch GET 200 https://registry.npmjs.org/@rollup/rollup-win32-x64-msvc/-/rollup-win32-x64-msvc-4.62.0.tgz 21303ms (cache miss)
865 http fetch GET 200 https://registry.npmjs.org/@babel/types/-/types-7.29.7.tgz 21338ms (cache miss)
866 http fetch GET 200 https://registry.npmjs.org/vite 25103ms (cache miss)
867 silly packumentCache corgi:https://registry.npmjs.org/vite set size:undefined disposed:false
868 silly packumentCache corgi:https://registry.npmjs.org/@vitejs%2fplugin-react cache-miss
869 http fetch GET 200 https://registry.npmjs.org/@vitejs%2fplugin-react 1055ms (cache miss)
870 silly packumentCache corgi:https://registry.npmjs.org/@vitejs%2fplugin-react set size:undefined disposed:false
871 http fetch GET 200 https://registry.npmjs.org/@remix-run/router/-/router-1.23.3.tgz 29140ms (cache miss)
872 http fetch GET 200 https://registry.npmjs.org/react-dom/-/react-dom-18.3.1.tgz 31937ms (cache miss)
873 http fetch GET 200 https://registry.npmjs.org/@esbuild/win32-x64/-/win32-x64-0.21.5.tgz 40374ms (cache miss)
874 info run esbuild@0.21.5 postinstall node_modules/esbuild node install.js
875 info run esbuild@0.21.5 postinstall { code: 0, signal: null }
876 silly ADD node_modules/@types/estree
877 silly ADD node_modules/@rollup/rollup-win32-x64-msvc
878 silly ADD node_modules/@rollup/rollup-win32-x64-gnu
879 silly ADD node_modules/source-map-js
880 silly ADD node_modules/nanoid
881 silly ADD node_modules/@esbuild/win32-x64
882 silly ADD node_modules/rollup
883 silly ADD node_modules/postcss
884 silly ADD node_modules/esbuild
885 silly ADD node_modules/escalade
886 silly ADD node_modules/react-router
887 silly ADD node_modules/@remix-run/router
888 silly ADD node_modules/scheduler
889 silly ADD node_modules/loose-envify
890 silly ADD node_modules/yallist
891 silly ADD node_modules/ms
892 silly ADD node_modules/update-browserslist-db
893 silly ADD node_modules/node-releases
894 silly ADD node_modules/electron-to-chromium
895 silly ADD node_modules/caniuse-lite
896 silly ADD node_modules/baseline-browser-mapping
897 silly ADD node_modules/@types/babel__traverse
898 silly ADD node_modules/@types/babel__template
899 silly ADD node_modules/@types/babel__generator
900 silly ADD node_modules/@jridgewell/resolve-uri
901 silly ADD node_modules/@jridgewell/sourcemap-codec
902 silly ADD node_modules/@babel/helper-string-parser
903 silly ADD node_modules/@babel/helper-globals
904 silly ADD node_modules/@babel/helper-plugin-utils
905 silly ADD node_modules/@babel/helper-module-imports
906 silly ADD node_modules/lru-cache
907 silly ADD node_modules/browserslist
908 silly ADD node_modules/@babel/helper-validator-option
909 silly ADD node_modules/@babel/compat-data
910 silly ADD node_modules/jsesc
911 silly ADD node_modules/@jridgewell/trace-mapping
912 silly ADD node_modules/@jridgewell/gen-mapping
913 silly ADD node_modules/picocolors
914 silly ADD node_modules/js-tokens
915 silly ADD node_modules/@babel/helper-validator-identifier
916 silly ADD node_modules/semver
917 silly ADD node_modules/json5
918 silly ADD node_modules/gensync
919 silly ADD node_modules/debug
920 silly ADD node_modules/convert-source-map
921 silly ADD node_modules/@jridgewell/remapping
922 silly ADD node_modules/@babel/types
923 silly ADD node_modules/@babel/traverse
924 silly ADD node_modules/@babel/template
925 silly ADD node_modules/@babel/parser
926 silly ADD node_modules/@babel/helpers
927 silly ADD node_modules/@babel/helper-module-transforms
928 silly ADD node_modules/@babel/helper-compilation-targets
929 silly ADD node_modules/@babel/generator
930 silly ADD node_modules/@babel/code-frame
931 silly ADD node_modules/react-refresh
932 silly ADD node_modules/@types/babel__core
933 silly ADD node_modules/@rolldown/pluginutils
934 silly ADD node_modules/@babel/plugin-transform-react-jsx-source
935 silly ADD node_modules/@babel/plugin-transform-react-jsx-self
936 silly ADD node_modules/@babel/core
937 silly ADD node_modules/react-router-dom
938 silly ADD node_modules/react-dom
939 silly ADD node_modules/react
940 silly ADD node_modules/vite
941 silly ADD node_modules/@vitejs/plugin-react
942 verbose cwd C:\Users\razimert.yigit\Desktop\sadece_is\react\GorevTakip
943 verbose os Windows_NT 10.0.26200
944 verbose node v24.13.0
945 verbose npm  v11.6.2
946 notice
946 notice New minor version of npm available! 11.6.2 -> 11.17.0
946 notice Changelog: https://github.com/npm/cli/releases/tag/v11.17.0
946 notice To update run: npm install -g npm@11.17.0
946 notice  { force: true, Symbol(proc-log.meta): true }
947 verbose exit 0
948 info ok
